#
# There is insufficient memory for the Java Runtime Environment to continue.
# Native memory allocation (malloc) failed to allocate 1931216 bytes for Chunk::new
# Possible reasons:
#   The system is out of physical RAM or swap space
#   The process is running with CompressedOops enabled, and the Java Heap may be blocking the growth of the native heap
# Possible solutions:
#   Reduce memory load on the system
#   Increase physical memory or swap space
#   Check if swap backing store is full
#   Decrease Java heap size (-Xmx/-Xms)
#   Decrease number of Java threads
#   Decrease Java thread stack sizes (-Xss)
#   Set larger code cache with -XX:ReservedCodeCacheSize=
#   JVM is running with Unscaled Compressed Oops mode in which the Java heap is
#     placed in the first 4GB address space. The Java Heap base address is the
#     maximum limit for the native heap growth. Please use -XX:HeapBaseMinAddress
#     to set the Java Heap base and to place the Java Heap above 4GB virtual address.
# This output file may be truncated or incomplete.
#
#  Out of Memory Error (arena.cpp:189), pid=40276, tid=27856
#
# JRE version: Java(TM) SE Runtime Environment (17.0.1+12) (build 17.0.1+12-LTS-39)
# Java VM: Java HotSpot(TM) 64-Bit Server VM (17.0.1+12-LTS-39, mixed mode, sharing, tiered, compressed oops, compressed class ptrs, g1 gc, windows-amd64)
# No core dump will be written. Minidumps are not enabled by default on client versions of Windows
#

---------------  S U M M A R Y ------------

Command Line: --add-opens=java.base/java.util=ALL-UNNAMED --add-opens=java.base/java.lang=ALL-UNNAMED --add-opens=java.base/java.lang.invoke=ALL-UNNAMED --add-opens=java.prefs/java.util.prefs=ALL-UNNAMED --add-opens=java.base/java.nio.charset=ALL-UNNAMED --add-opens=java.base/java.net=ALL-UNNAMED --add-opens=java.base/java.util.concurrent.atomic=ALL-UNNAMED -Xmx1G -Dfile.encoding=windows-1252 -Duser.country=US -Duser.language=en -Duser.variant -javaagent:C:\Users\rudy\.gradle\wrapper\dists\gradle-8.1.1-bin\9wiye5v2saajue4irfo8ybqfp\gradle-8.1.1\lib\agents\gradle-instrumentation-agent-8.1.1.jar org.gradle.launcher.daemon.bootstrap.GradleDaemon 8.1.1

Host: AMD Ryzen 7 3700X 8-Core Processor             , 16 cores, 15G,  Windows 10 , 64 bit Build 22621 (10.0.22621.1778)
Time: Wed Jun  7 21:37:02 2023 Central Daylight Time elapsed time: 2.126341 seconds (0d 0h 0m 2s)

---------------  T H R E A D  ---------------

Current thread (0x0000026a48e20c60):  JavaThread "C2 CompilerThread1" daemon [_thread_in_native, id=27856, stack(0x000000b7f1f00000,0x000000b7f2000000)]


Current CompileTask:
C2:   2126 2463   !   4       java.net.URLClassLoader::findClass (47 bytes)

Stack: [0x000000b7f1f00000,0x000000b7f2000000]
Native frames: (J=compiled Java code, j=interpreted, Vv=VM code, C=native code)
V  [jvm.dll+0x66fa1a]
V  [jvm.dll+0x7ce5a4]
V  [jvm.dll+0x7cfd4e]
V  [jvm.dll+0x7d03b3]
V  [jvm.dll+0x242b05]
V  [jvm.dll+0xaa05b]
V  [jvm.dll+0xaa5ec]
V  [jvm.dll+0x35f9b2]
V  [jvm.dll+0x329f51]
V  [jvm.dll+0x3293fa]
V  [jvm.dll+0x215bf1]
V  [jvm.dll+0x215011]
V  [jvm.dll+0x1a168d]
V  [jvm.dll+0x224848]
V  [jvm.dll+0x2229ac]
V  [jvm.dll+0x78435b]
V  [jvm.dll+0x77e91a]
V  [jvm.dll+0x66e845]
C  [ucrtbase.dll+0x29363]
C  [KERNEL32.DLL+0x126ad]
C  [ntdll.dll+0x5a9f8]


---------------  P R O C E S S  ---------------

Threads class SMR info:
_java_thread_list=0x0000026a4b4ae400, length=29, elements={
0x0000026a29dd3bc0, 0x0000026a48389e70, 0x0000026a4838ca30, 0x0000026a483a6150,
0x0000026a483a7d10, 0x0000026a483a88c0, 0x0000026a483ab280, 0x0000026a483ae430,
0x0000026a483aeed0, 0x0000026a483c1540, 0x0000026a483dea10, 0x0000026a48df9d40,
0x0000026a48dfa540, 0x0000026a48e20c60, 0x0000026a48f23e10, 0x0000026a49ef3da0,
0x0000026a4af3ae90, 0x0000026a4b708860, 0x0000026a4a4794f0, 0x0000026a4b3e1b70,
0x0000026a4abaa640, 0x0000026a4a47b2a0, 0x0000026a4b564e00, 0x0000026a49a16b50,
0x0000026a49a18830, 0x0000026a49a174f0, 0x0000026a49a179c0, 0x0000026a49a18d00,
0x0000026a49a15810
}

Java Threads: ( => current thread )
  0x0000026a29dd3bc0 JavaThread "main" [_thread_blocked, id=35180, stack(0x000000b7f0c00000,0x000000b7f0d00000)]
  0x0000026a48389e70 JavaThread "Reference Handler" daemon [_thread_blocked, id=36952, stack(0x000000b7f1300000,0x000000b7f1400000)]
  0x0000026a4838ca30 JavaThread "Finalizer" daemon [_thread_blocked, id=31624, stack(0x000000b7f1400000,0x000000b7f1500000)]
  0x0000026a483a6150 JavaThread "Signal Dispatcher" daemon [_thread_blocked, id=41288, stack(0x000000b7f1500000,0x000000b7f1600000)]
  0x0000026a483a7d10 JavaThread "Attach Listener" daemon [_thread_blocked, id=33736, stack(0x000000b7f1600000,0x000000b7f1700000)]
  0x0000026a483a88c0 JavaThread "Service Thread" daemon [_thread_blocked, id=20096, stack(0x000000b7f1700000,0x000000b7f1800000)]
  0x0000026a483ab280 JavaThread "Monitor Deflation Thread" daemon [_thread_blocked, id=39596, stack(0x000000b7f1800000,0x000000b7f1900000)]
  0x0000026a483ae430 JavaThread "C2 CompilerThread0" daemon [_thread_in_native, id=37212, stack(0x000000b7f1900000,0x000000b7f1a00000)]
  0x0000026a483aeed0 JavaThread "C1 CompilerThread0" daemon [_thread_blocked, id=24680, stack(0x000000b7f1a00000,0x000000b7f1b00000)]
  0x0000026a483c1540 JavaThread "Sweeper thread" daemon [_thread_blocked, id=42500, stack(0x000000b7f1b00000,0x000000b7f1c00000)]
  0x0000026a483dea10 JavaThread "Common-Cleaner" daemon [_thread_blocked, id=33860, stack(0x000000b7f1c00000,0x000000b7f1d00000)]
  0x0000026a48df9d40 JavaThread "C1 CompilerThread1" daemon [_thread_blocked, id=10528, stack(0x000000b7f1d00000,0x000000b7f1e00000)]
  0x0000026a48dfa540 JavaThread "C1 CompilerThread2" daemon [_thread_blocked, id=3456, stack(0x000000b7f1e00000,0x000000b7f1f00000)]
=>0x0000026a48e20c60 JavaThread "C2 CompilerThread1" daemon [_thread_in_native, id=27856, stack(0x000000b7f1f00000,0x000000b7f2000000)]
  0x0000026a48f23e10 JavaThread "Notification Thread" daemon [_thread_blocked, id=41416, stack(0x000000b7f2000000,0x000000b7f2100000)]
  0x0000026a49ef3da0 JavaThread "C1 CompilerThread3" daemon [_thread_blocked, id=39224, stack(0x000000b7f2700000,0x000000b7f2800000)]
  0x0000026a4af3ae90 JavaThread "Daemon health stats" [_thread_blocked, id=2396, stack(0x000000b7f2800000,0x000000b7f2900000)]
  0x0000026a4b708860 JavaThread "Incoming local TCP Connector on port 60902" [_thread_in_native, id=14620, stack(0x000000b7f2900000,0x000000b7f2a00000)]
  0x0000026a4a4794f0 JavaThread "Daemon periodic checks" [_thread_blocked, id=36820, stack(0x000000b7f2a00000,0x000000b7f2b00000)]
  0x0000026a4b3e1b70 JavaThread "Daemon" [_thread_blocked, id=34184, stack(0x000000b7f2b00000,0x000000b7f2c00000)]
  0x0000026a4abaa640 JavaThread "Handler for socket connection from /127.0.0.1:60902 to /127.0.0.1:60903" [_thread_in_native, id=37180, stack(0x000000b7f2c00000,0x000000b7f2d00000)]
  0x0000026a4a47b2a0 JavaThread "Cancel handler" [_thread_blocked, id=17708, stack(0x000000b7f2d00000,0x000000b7f2e00000)]
  0x0000026a4b564e00 JavaThread "Daemon worker" [_thread_in_Java, id=42092, stack(0x000000b7f2e00000,0x000000b7f2f00000)]
  0x0000026a49a16b50 JavaThread "Asynchronous log dispatcher for DefaultDaemonConnection: socket connection from /127.0.0.1:60902 to /127.0.0.1:60903" [_thread_blocked, id=30200, stack(0x000000b7f2f00000,0x000000b7f3000000)]
  0x0000026a49a18830 JavaThread "Stdin handler" [_thread_blocked, id=31888, stack(0x000000b7f3000000,0x000000b7f3100000)]
  0x0000026a49a174f0 JavaThread "Daemon client event forwarder" [_thread_blocked, id=41328, stack(0x000000b7f3100000,0x000000b7f3200000)]
  0x0000026a49a179c0 JavaThread "Cache worker for journal cache (C:\Users\rudy\.gradle\caches\journal-1)" [_thread_blocked, id=41628, stack(0x000000b7f3200000,0x000000b7f3300000)]
  0x0000026a49a18d00 JavaThread "File lock request listener" [_thread_in_native, id=36852, stack(0x000000b7f3300000,0x000000b7f3400000)]
  0x0000026a49a15810 JavaThread "Cache worker for file hash cache (C:\Users\rudy\.gradle\caches\8.1.1\fileHashes)" [_thread_blocked, id=24696, stack(0x000000b7f3400000,0x000000b7f3500000)]

Other Threads:
  0x0000026a48388750 VMThread "VM Thread" [stack: 0x000000b7f1200000,0x000000b7f1300000] [id=21292]
  0x0000026a29e282a0 WatcherThread [stack: 0x000000b7f2100000,0x000000b7f2200000] [id=25716]
  0x0000026a29e04cd0 GCTaskThread "GC Thread#0" [stack: 0x000000b7f0d00000,0x000000b7f0e00000] [id=4560]
  0x0000026a491ce550 GCTaskThread "GC Thread#1" [stack: 0x000000b7f2200000,0x000000b7f2300000] [id=24728]
  0x0000026a491cec10 GCTaskThread "GC Thread#2" [stack: 0x000000b7f2300000,0x000000b7f2400000] [id=23868]
  0x0000026a498cd900 GCTaskThread "GC Thread#3" [stack: 0x000000b7f2400000,0x000000b7f2500000] [id=5844]
  0x0000026a49a1d2b0 GCTaskThread "GC Thread#4" [stack: 0x000000b7f2500000,0x000000b7f2600000] [id=36488]
  0x0000026a49a1d560 GCTaskThread "GC Thread#5" [stack: 0x000000b7f2600000,0x000000b7f2700000] [id=4144]
  0x0000026a29e0dd70 ConcurrentGCThread "G1 Main Marker" [stack: 0x000000b7f0e00000,0x000000b7f0f00000] [id=6848]
  0x0000026a29e0f630 ConcurrentGCThread "G1 Conc#0" [stack: 0x000000b7f0f00000,0x000000b7f1000000] [id=18264]
  0x0000026a29e9e190 ConcurrentGCThread "G1 Refine#0" [stack: 0x000000b7f1000000,0x000000b7f1100000] [id=36216]
  0x0000026a29e9ea50 ConcurrentGCThread "G1 Service" [stack: 0x000000b7f1100000,0x000000b7f1200000] [id=17628]

Threads with active compile tasks:
C2 CompilerThread0     2154 2391   !   4       java.lang.ClassLoader::loadClass (121 bytes)
C2 CompilerThread1     2154 2463   !   4       java.net.URLClassLoader::findClass (47 bytes)

VM state: not at safepoint (normal execution)

VM Mutex/Monitor currently owned by a thread:  ([mutex/lock_event])
[0x0000026a29dcda20] Module_lock - owner thread: 0x0000000000000000

Heap address: 0x00000000c0000000, size: 1024 MB, Compressed Oops mode: 32-bit

CDS archive(s) mapped at: [0x0000000800000000-0x0000000800bc0000-0x0000000800bc0000), size 12320768, SharedBaseAddress: 0x0000000800000000, ArchiveRelocationMode: 0.
Compressed class space mapped at: 0x0000000800c00000-0x0000000840c00000, reserved size: 1073741824
Narrow klass base: 0x0000000800000000, Narrow klass shift: 0, Narrow klass range: 0x100000000

GC Precious Log:
 CPUs: 16 total, 16 available
 Memory: 16312M
 Large Page Support: Disabled
 NUMA Support: Disabled
 Compressed Oops: Enabled (32-bit)
 Heap Region Size: 1M
 Heap Min Capacity: 8M
 Heap Initial Capacity: 256M
 Heap Max Capacity: 1G
 Pre-touch: Disabled
 Parallel Workers: 13
 Concurrent Workers: 3
 Concurrent Refinement Workers: 13
 Periodic GC: Disabled

Heap:
 garbage-first heap   total 262144K, used 99080K [0x00000000c0000000, 0x0000000100000000)
  region size 1024K, 88 young (90112K), 1 survivors (1024K)
 Metaspace       used 16710K, committed 17024K, reserved 1064960K
  class space    used 2410K, committed 2560K, reserved 1048576K

Heap Regions: E=young(eden), S=young(survivor), O=old, HS=humongous(starts), HC=humongous(continues), CS=collection set, F=free, OA=open archive, CA=closed archive, TAMS=top-at-mark-start (previous, next)
|   0|0x00000000c0000000, 0x00000000c0100000, 0x00000000c0100000|100%|HS|  |TAMS 0x00000000c0000000, 0x00000000c0000000| Complete 
|   1|0x00000000c0100000, 0x00000000c0200000, 0x00000000c0200000|100%|HC|  |TAMS 0x00000000c0100000, 0x00000000c0100000| Complete 
|   2|0x00000000c0200000, 0x00000000c0300000, 0x00000000c0300000|100%|HC|  |TAMS 0x00000000c0200000, 0x00000000c0200000| Complete 
|   3|0x00000000c0300000, 0x00000000c0400000, 0x00000000c0400000|100%|HC|  |TAMS 0x00000000c0300000, 0x00000000c0300000| Complete 
|   4|0x00000000c0400000, 0x00000000c0500000, 0x00000000c0500000|100%| O|  |TAMS 0x00000000c0400000, 0x00000000c0400000| Untracked 
|   5|0x00000000c0500000, 0x00000000c0600000, 0x00000000c0600000|100%| O|  |TAMS 0x00000000c0500000, 0x00000000c0500000| Untracked 
|   6|0x00000000c0600000, 0x00000000c0700000, 0x00000000c0700000|100%| O|  |TAMS 0x00000000c0600000, 0x00000000c0600000| Untracked 
|   7|0x00000000c0700000, 0x00000000c0800000, 0x00000000c0800000|100%| O|  |TAMS 0x00000000c0700000, 0x00000000c0700000| Untracked 
|   8|0x00000000c0800000, 0x00000000c0900000, 0x00000000c0900000|100%| O|  |TAMS 0x00000000c0800000, 0x00000000c0800000| Untracked 
|   9|0x00000000c0900000, 0x00000000c0a00000, 0x00000000c0a00000|100%| O|  |TAMS 0x00000000c0900000, 0x00000000c0900000| Untracked 
|  10|0x00000000c0a00000, 0x00000000c0a11000, 0x00000000c0b00000|  6%| O|  |TAMS 0x00000000c0a00000, 0x00000000c0a00000| Untracked 
|  11|0x00000000c0b00000, 0x00000000c0c00000, 0x00000000c0c00000|100%|HS|  |TAMS 0x00000000c0b00000, 0x00000000c0b00000| Complete 
|  12|0x00000000c0c00000, 0x00000000c0c00000, 0x00000000c0d00000|  0%| F|  |TAMS 0x00000000c0c00000, 0x00000000c0c00000| Untracked 
|  13|0x00000000c0d00000, 0x00000000c0d00000, 0x00000000c0e00000|  0%| F|  |TAMS 0x00000000c0d00000, 0x00000000c0d00000| Untracked 
|  14|0x00000000c0e00000, 0x00000000c0e00000, 0x00000000c0f00000|  0%| F|  |TAMS 0x00000000c0e00000, 0x00000000c0e00000| Untracked 
|  15|0x00000000c0f00000, 0x00000000c0f00000, 0x00000000c1000000|  0%| F|  |TAMS 0x00000000c0f00000, 0x00000000c0f00000| Untracked 
|  16|0x00000000c1000000, 0x00000000c1000000, 0x00000000c1100000|  0%| F|  |TAMS 0x00000000c1000000, 0x00000000c1000000| Untracked 
|  17|0x00000000c1100000, 0x00000000c1100000, 0x00000000c1200000|  0%| F|  |TAMS 0x00000000c1100000, 0x00000000c1100000| Untracked 
|  18|0x00000000c1200000, 0x00000000c1200000, 0x00000000c1300000|  0%| F|  |TAMS 0x00000000c1200000, 0x00000000c1200000| Untracked 
|  19|0x00000000c1300000, 0x00000000c1300000, 0x00000000c1400000|  0%| F|  |TAMS 0x00000000c1300000, 0x00000000c1300000| Untracked 
|  20|0x00000000c1400000, 0x00000000c1400000, 0x00000000c1500000|  0%| F|  |TAMS 0x00000000c1400000, 0x00000000c1400000| Untracked 
|  21|0x00000000c1500000, 0x00000000c1500000, 0x00000000c1600000|  0%| F|  |TAMS 0x00000000c1500000, 0x00000000c1500000| Untracked 
|  22|0x00000000c1600000, 0x00000000c1600000, 0x00000000c1700000|  0%| F|  |TAMS 0x00000000c1600000, 0x00000000c1600000| Untracked 
|  23|0x00000000c1700000, 0x00000000c1700000, 0x00000000c1800000|  0%| F|  |TAMS 0x00000000c1700000, 0x00000000c1700000| Untracked 
|  24|0x00000000c1800000, 0x00000000c1800000, 0x00000000c1900000|  0%| F|  |TAMS 0x00000000c1800000, 0x00000000c1800000| Untracked 
|  25|0x00000000c1900000, 0x00000000c1900000, 0x00000000c1a00000|  0%| F|  |TAMS 0x00000000c1900000, 0x00000000c1900000| Untracked 
|  26|0x00000000c1a00000, 0x00000000c1a00000, 0x00000000c1b00000|  0%| F|  |TAMS 0x00000000c1a00000, 0x00000000c1a00000| Untracked 
|  27|0x00000000c1b00000, 0x00000000c1b00000, 0x00000000c1c00000|  0%| F|  |TAMS 0x00000000c1b00000, 0x00000000c1b00000| Untracked 
|  28|0x00000000c1c00000, 0x00000000c1c00000, 0x00000000c1d00000|  0%| F|  |TAMS 0x00000000c1c00000, 0x00000000c1c00000| Untracked 
|  29|0x00000000c1d00000, 0x00000000c1d00000, 0x00000000c1e00000|  0%| F|  |TAMS 0x00000000c1d00000, 0x00000000c1d00000| Untracked 
|  30|0x00000000c1e00000, 0x00000000c1e00000, 0x00000000c1f00000|  0%| F|  |TAMS 0x00000000c1e00000, 0x00000000c1e00000| Untracked 
|  31|0x00000000c1f00000, 0x00000000c1f00000, 0x00000000c2000000|  0%| F|  |TAMS 0x00000000c1f00000, 0x00000000c1f00000| Untracked 
|  32|0x00000000c2000000, 0x00000000c2000000, 0x00000000c2100000|  0%| F|  |TAMS 0x00000000c2000000, 0x00000000c2000000| Untracked 
|  33|0x00000000c2100000, 0x00000000c2100000, 0x00000000c2200000|  0%| F|  |TAMS 0x00000000c2100000, 0x00000000c2100000| Untracked 
|  34|0x00000000c2200000, 0x00000000c2200000, 0x00000000c2300000|  0%| F|  |TAMS 0x00000000c2200000, 0x00000000c2200000| Untracked 
|  35|0x00000000c2300000, 0x00000000c2300000, 0x00000000c2400000|  0%| F|  |TAMS 0x00000000c2300000, 0x00000000c2300000| Untracked 
|  36|0x00000000c2400000, 0x00000000c2400000, 0x00000000c2500000|  0%| F|  |TAMS 0x00000000c2400000, 0x00000000c2400000| Untracked 
|  37|0x00000000c2500000, 0x00000000c2500000, 0x00000000c2600000|  0%| F|  |TAMS 0x00000000c2500000, 0x00000000c2500000| Untracked 
|  38|0x00000000c2600000, 0x00000000c2600000, 0x00000000c2700000|  0%| F|  |TAMS 0x00000000c2600000, 0x00000000c2600000| Untracked 
|  39|0x00000000c2700000, 0x00000000c2700000, 0x00000000c2800000|  0%| F|  |TAMS 0x00000000c2700000, 0x00000000c2700000| Untracked 
|  40|0x00000000c2800000, 0x00000000c2800000, 0x00000000c2900000|  0%| F|  |TAMS 0x00000000c2800000, 0x00000000c2800000| Untracked 
|  41|0x00000000c2900000, 0x00000000c2900000, 0x00000000c2a00000|  0%| F|  |TAMS 0x00000000c2900000, 0x00000000c2900000| Untracked 
|  42|0x00000000c2a00000, 0x00000000c2a00000, 0x00000000c2b00000|  0%| F|  |TAMS 0x00000000c2a00000, 0x00000000c2a00000| Untracked 
|  43|0x00000000c2b00000, 0x00000000c2b00000, 0x00000000c2c00000|  0%| F|  |TAMS 0x00000000c2b00000, 0x00000000c2b00000| Untracked 
|  44|0x00000000c2c00000, 0x00000000c2c00000, 0x00000000c2d00000|  0%| F|  |TAMS 0x00000000c2c00000, 0x00000000c2c00000| Untracked 
|  45|0x00000000c2d00000, 0x00000000c2d00000, 0x00000000c2e00000|  0%| F|  |TAMS 0x00000000c2d00000, 0x00000000c2d00000| Untracked 
|  46|0x00000000c2e00000, 0x00000000c2e00000, 0x00000000c2f00000|  0%| F|  |TAMS 0x00000000c2e00000, 0x00000000c2e00000| Untracked 
|  47|0x00000000c2f00000, 0x00000000c2f00000, 0x00000000c3000000|  0%| F|  |TAMS 0x00000000c2f00000, 0x00000000c2f00000| Untracked 
|  48|0x00000000c3000000, 0x00000000c3000000, 0x00000000c3100000|  0%| F|  |TAMS 0x00000000c3000000, 0x00000000c3000000| Untracked 
|  49|0x00000000c3100000, 0x00000000c3100000, 0x00000000c3200000|  0%| F|  |TAMS 0x00000000c3100000, 0x00000000c3100000| Untracked 
|  50|0x00000000c3200000, 0x00000000c3200000, 0x00000000c3300000|  0%| F|  |TAMS 0x00000000c3200000, 0x00000000c3200000| Untracked 
|  51|0x00000000c3300000, 0x00000000c3300000, 0x00000000c3400000|  0%| F|  |TAMS 0x00000000c3300000, 0x00000000c3300000| Untracked 
|  52|0x00000000c3400000, 0x00000000c3400000, 0x00000000c3500000|  0%| F|  |TAMS 0x00000000c3400000, 0x00000000c3400000| Untracked 
|  53|0x00000000c3500000, 0x00000000c3500000, 0x00000000c3600000|  0%| F|  |TAMS 0x00000000c3500000, 0x00000000c3500000| Untracked 
|  54|0x00000000c3600000, 0x00000000c3600000, 0x00000000c3700000|  0%| F|  |TAMS 0x00000000c3600000, 0x00000000c3600000| Untracked 
|  55|0x00000000c3700000, 0x00000000c3700000, 0x00000000c3800000|  0%| F|  |TAMS 0x00000000c3700000, 0x00000000c3700000| Untracked 
|  56|0x00000000c3800000, 0x00000000c3800000, 0x00000000c3900000|  0%| F|  |TAMS 0x00000000c3800000, 0x00000000c3800000| Untracked 
|  57|0x00000000c3900000, 0x00000000c3900000, 0x00000000c3a00000|  0%| F|  |TAMS 0x00000000c3900000, 0x00000000c3900000| Untracked 
|  58|0x00000000c3a00000, 0x00000000c3a00000, 0x00000000c3b00000|  0%| F|  |TAMS 0x00000000c3a00000, 0x00000000c3a00000| Untracked 
|  59|0x00000000c3b00000, 0x00000000c3b00000, 0x00000000c3c00000|  0%| F|  |TAMS 0x00000000c3b00000, 0x00000000c3b00000| Untracked 
|  60|0x00000000c3c00000, 0x00000000c3c00000, 0x00000000c3d00000|  0%| F|  |TAMS 0x00000000c3c00000, 0x00000000c3c00000| Untracked 
|  61|0x00000000c3d00000, 0x00000000c3d00000, 0x00000000c3e00000|  0%| F|  |TAMS 0x00000000c3d00000, 0x00000000c3d00000| Untracked 
|  62|0x00000000c3e00000, 0x00000000c3e00000, 0x00000000c3f00000|  0%| F|  |TAMS 0x00000000c3e00000, 0x00000000c3e00000| Untracked 
|  63|0x00000000c3f00000, 0x00000000c3f00000, 0x00000000c4000000|  0%| F|  |TAMS 0x00000000c3f00000, 0x00000000c3f00000| Untracked 
|  64|0x00000000c4000000, 0x00000000c4000000, 0x00000000c4100000|  0%| F|  |TAMS 0x00000000c4000000, 0x00000000c4000000| Untracked 
|  65|0x00000000c4100000, 0x00000000c4100000, 0x00000000c4200000|  0%| F|  |TAMS 0x00000000c4100000, 0x00000000c4100000| Untracked 
|  66|0x00000000c4200000, 0x00000000c4200000, 0x00000000c4300000|  0%| F|  |TAMS 0x00000000c4200000, 0x00000000c4200000| Untracked 
|  67|0x00000000c4300000, 0x00000000c4300000, 0x00000000c4400000|  0%| F|  |TAMS 0x00000000c4300000, 0x00000000c4300000| Untracked 
|  68|0x00000000c4400000, 0x00000000c4400000, 0x00000000c4500000|  0%| F|  |TAMS 0x00000000c4400000, 0x00000000c4400000| Untracked 
|  69|0x00000000c4500000, 0x00000000c4500000, 0x00000000c4600000|  0%| F|  |TAMS 0x00000000c4500000, 0x00000000c4500000| Untracked 
|  70|0x00000000c4600000, 0x00000000c4600000, 0x00000000c4700000|  0%| F|  |TAMS 0x00000000c4600000, 0x00000000c4600000| Untracked 
|  71|0x00000000c4700000, 0x00000000c4700000, 0x00000000c4800000|  0%| F|  |TAMS 0x00000000c4700000, 0x00000000c4700000| Untracked 
|  72|0x00000000c4800000, 0x00000000c4800000, 0x00000000c4900000|  0%| F|  |TAMS 0x00000000c4800000, 0x00000000c4800000| Untracked 
|  73|0x00000000c4900000, 0x00000000c4900000, 0x00000000c4a00000|  0%| F|  |TAMS 0x00000000c4900000, 0x00000000c4900000| Untracked 
|  74|0x00000000c4a00000, 0x00000000c4a00000, 0x00000000c4b00000|  0%| F|  |TAMS 0x00000000c4a00000, 0x00000000c4a00000| Untracked 
|  75|0x00000000c4b00000, 0x00000000c4b00000, 0x00000000c4c00000|  0%| F|  |TAMS 0x00000000c4b00000, 0x00000000c4b00000| Untracked 
|  76|0x00000000c4c00000, 0x00000000c4c00000, 0x00000000c4d00000|  0%| F|  |TAMS 0x00000000c4c00000, 0x00000000c4c00000| Untracked 
|  77|0x00000000c4d00000, 0x00000000c4d00000, 0x00000000c4e00000|  0%| F|  |TAMS 0x00000000c4d00000, 0x00000000c4d00000| Untracked 
|  78|0x00000000c4e00000, 0x00000000c4e00000, 0x00000000c4f00000|  0%| F|  |TAMS 0x00000000c4e00000, 0x00000000c4e00000| Untracked 
|  79|0x00000000c4f00000, 0x00000000c4f00000, 0x00000000c5000000|  0%| F|  |TAMS 0x00000000c4f00000, 0x00000000c4f00000| Untracked 
|  80|0x00000000c5000000, 0x00000000c5000000, 0x00000000c5100000|  0%| F|  |TAMS 0x00000000c5000000, 0x00000000c5000000| Untracked 
|  81|0x00000000c5100000, 0x00000000c5100000, 0x00000000c5200000|  0%| F|  |TAMS 0x00000000c5100000, 0x00000000c5100000| Untracked 
|  82|0x00000000c5200000, 0x00000000c5200000, 0x00000000c5300000|  0%| F|  |TAMS 0x00000000c5200000, 0x00000000c5200000| Untracked 
|  83|0x00000000c5300000, 0x00000000c5300000, 0x00000000c5400000|  0%| F|  |TAMS 0x00000000c5300000, 0x00000000c5300000| Untracked 
|  84|0x00000000c5400000, 0x00000000c5400000, 0x00000000c5500000|  0%| F|  |TAMS 0x00000000c5400000, 0x00000000c5400000| Untracked 
|  85|0x00000000c5500000, 0x00000000c5500000, 0x00000000c5600000|  0%| F|  |TAMS 0x00000000c5500000, 0x00000000c5500000| Untracked 
|  86|0x00000000c5600000, 0x00000000c5600000, 0x00000000c5700000|  0%| F|  |TAMS 0x00000000c5600000, 0x00000000c5600000| Untracked 
|  87|0x00000000c5700000, 0x00000000c5700000, 0x00000000c5800000|  0%| F|  |TAMS 0x00000000c5700000, 0x00000000c5700000| Untracked 
|  88|0x00000000c5800000, 0x00000000c5800000, 0x00000000c5900000|  0%| F|  |TAMS 0x00000000c5800000, 0x00000000c5800000| Untracked 
|  89|0x00000000c5900000, 0x00000000c5900000, 0x00000000c5a00000|  0%| F|  |TAMS 0x00000000c5900000, 0x00000000c5900000| Untracked 
|  90|0x00000000c5a00000, 0x00000000c5a00000, 0x00000000c5b00000|  0%| F|  |TAMS 0x00000000c5a00000, 0x00000000c5a00000| Untracked 
|  91|0x00000000c5b00000, 0x00000000c5b00000, 0x00000000c5c00000|  0%| F|  |TAMS 0x00000000c5b00000, 0x00000000c5b00000| Untracked 
|  92|0x00000000c5c00000, 0x00000000c5c00000, 0x00000000c5d00000|  0%| F|  |TAMS 0x00000000c5c00000, 0x00000000c5c00000| Untracked 
|  93|0x00000000c5d00000, 0x00000000c5d00000, 0x00000000c5e00000|  0%| F|  |TAMS 0x00000000c5d00000, 0x00000000c5d00000| Untracked 
|  94|0x00000000c5e00000, 0x00000000c5e00000, 0x00000000c5f00000|  0%| F|  |TAMS 0x00000000c5e00000, 0x00000000c5e00000| Untracked 
|  95|0x00000000c5f00000, 0x00000000c5f00000, 0x00000000c6000000|  0%| F|  |TAMS 0x00000000c5f00000, 0x00000000c5f00000| Untracked 
|  96|0x00000000c6000000, 0x00000000c6000000, 0x00000000c6100000|  0%| F|  |TAMS 0x00000000c6000000, 0x00000000c6000000| Untracked 
|  97|0x00000000c6100000, 0x00000000c6100000, 0x00000000c6200000|  0%| F|  |TAMS 0x00000000c6100000, 0x00000000c6100000| Untracked 
|  98|0x00000000c6200000, 0x00000000c6200000, 0x00000000c6300000|  0%| F|  |TAMS 0x00000000c6200000, 0x00000000c6200000| Untracked 
|  99|0x00000000c6300000, 0x00000000c6300000, 0x00000000c6400000|  0%| F|  |TAMS 0x00000000c6300000, 0x00000000c6300000| Untracked 
| 100|0x00000000c6400000, 0x00000000c6400000, 0x00000000c6500000|  0%| F|  |TAMS 0x00000000c6400000, 0x00000000c6400000| Untracked 
| 101|0x00000000c6500000, 0x00000000c6500000, 0x00000000c6600000|  0%| F|  |TAMS 0x00000000c6500000, 0x00000000c6500000| Untracked 
| 102|0x00000000c6600000, 0x00000000c6600000, 0x00000000c6700000|  0%| F|  |TAMS 0x00000000c6600000, 0x00000000c6600000| Untracked 
| 103|0x00000000c6700000, 0x00000000c6700000, 0x00000000c6800000|  0%| F|  |TAMS 0x00000000c6700000, 0x00000000c6700000| Untracked 
| 104|0x00000000c6800000, 0x00000000c6800000, 0x00000000c6900000|  0%| F|  |TAMS 0x00000000c6800000, 0x00000000c6800000| Untracked 
| 105|0x00000000c6900000, 0x00000000c6900000, 0x00000000c6a00000|  0%| F|  |TAMS 0x00000000c6900000, 0x00000000c6900000| Untracked 
| 106|0x00000000c6a00000, 0x00000000c6a00000, 0x00000000c6b00000|  0%| F|  |TAMS 0x00000000c6a00000, 0x00000000c6a00000| Untracked 
| 107|0x00000000c6b00000, 0x00000000c6b00000, 0x00000000c6c00000|  0%| F|  |TAMS 0x00000000c6b00000, 0x00000000c6b00000| Untracked 
| 108|0x00000000c6c00000, 0x00000000c6c00000, 0x00000000c6d00000|  0%| F|  |TAMS 0x00000000c6c00000, 0x00000000c6c00000| Untracked 
| 109|0x00000000c6d00000, 0x00000000c6d00000, 0x00000000c6e00000|  0%| F|  |TAMS 0x00000000c6d00000, 0x00000000c6d00000| Untracked 
| 110|0x00000000c6e00000, 0x00000000c6e00000, 0x00000000c6f00000|  0%| F|  |TAMS 0x00000000c6e00000, 0x00000000c6e00000| Untracked 
| 111|0x00000000c6f00000, 0x00000000c6f00000, 0x00000000c7000000|  0%| F|  |TAMS 0x00000000c6f00000, 0x00000000c6f00000| Untracked 
| 112|0x00000000c7000000, 0x00000000c7000000, 0x00000000c7100000|  0%| F|  |TAMS 0x00000000c7000000, 0x00000000c7000000| Untracked 
| 113|0x00000000c7100000, 0x00000000c7100000, 0x00000000c7200000|  0%| F|  |TAMS 0x00000000c7100000, 0x00000000c7100000| Untracked 
| 114|0x00000000c7200000, 0x00000000c7200000, 0x00000000c7300000|  0%| F|  |TAMS 0x00000000c7200000, 0x00000000c7200000| Untracked 
| 115|0x00000000c7300000, 0x00000000c7300000, 0x00000000c7400000|  0%| F|  |TAMS 0x00000000c7300000, 0x00000000c7300000| Untracked 
| 116|0x00000000c7400000, 0x00000000c7400000, 0x00000000c7500000|  0%| F|  |TAMS 0x00000000c7400000, 0x00000000c7400000| Untracked 
| 117|0x00000000c7500000, 0x00000000c7500000, 0x00000000c7600000|  0%| F|  |TAMS 0x00000000c7500000, 0x00000000c7500000| Untracked 
| 118|0x00000000c7600000, 0x00000000c7600000, 0x00000000c7700000|  0%| F|  |TAMS 0x00000000c7600000, 0x00000000c7600000| Untracked 
| 119|0x00000000c7700000, 0x00000000c7700000, 0x00000000c7800000|  0%| F|  |TAMS 0x00000000c7700000, 0x00000000c7700000| Untracked 
| 120|0x00000000c7800000, 0x00000000c7800000, 0x00000000c7900000|  0%| F|  |TAMS 0x00000000c7800000, 0x00000000c7800000| Untracked 
| 121|0x00000000c7900000, 0x00000000c7900000, 0x00000000c7a00000|  0%| F|  |TAMS 0x00000000c7900000, 0x00000000c7900000| Untracked 
| 122|0x00000000c7a00000, 0x00000000c7a00000, 0x00000000c7b00000|  0%| F|  |TAMS 0x00000000c7a00000, 0x00000000c7a00000| Untracked 
| 123|0x00000000c7b00000, 0x00000000c7b00000, 0x00000000c7c00000|  0%| F|  |TAMS 0x00000000c7b00000, 0x00000000c7b00000| Untracked 
| 124|0x00000000c7c00000, 0x00000000c7c00000, 0x00000000c7d00000|  0%| F|  |TAMS 0x00000000c7c00000, 0x00000000c7c00000| Untracked 
| 125|0x00000000c7d00000, 0x00000000c7d00000, 0x00000000c7e00000|  0%| F|  |TAMS 0x00000000c7d00000, 0x00000000c7d00000| Untracked 
| 126|0x00000000c7e00000, 0x00000000c7e00000, 0x00000000c7f00000|  0%| F|  |TAMS 0x00000000c7e00000, 0x00000000c7e00000| Untracked 
| 127|0x00000000c7f00000, 0x00000000c7f00000, 0x00000000c8000000|  0%| F|  |TAMS 0x00000000c7f00000, 0x00000000c7f00000| Untracked 
| 128|0x00000000c8000000, 0x00000000c8000000, 0x00000000c8100000|  0%| F|  |TAMS 0x00000000c8000000, 0x00000000c8000000| Untracked 
| 129|0x00000000c8100000, 0x00000000c8100000, 0x00000000c8200000|  0%| F|  |TAMS 0x00000000c8100000, 0x00000000c8100000| Untracked 
| 130|0x00000000c8200000, 0x00000000c8200000, 0x00000000c8300000|  0%| F|  |TAMS 0x00000000c8200000, 0x00000000c8200000| Untracked 
| 131|0x00000000c8300000, 0x00000000c8300000, 0x00000000c8400000|  0%| F|  |TAMS 0x00000000c8300000, 0x00000000c8300000| Untracked 
| 132|0x00000000c8400000, 0x00000000c8400000, 0x00000000c8500000|  0%| F|  |TAMS 0x00000000c8400000, 0x00000000c8400000| Untracked 
| 133|0x00000000c8500000, 0x00000000c8500000, 0x00000000c8600000|  0%| F|  |TAMS 0x00000000c8500000, 0x00000000c8500000| Untracked 
| 134|0x00000000c8600000, 0x00000000c8600000, 0x00000000c8700000|  0%| F|  |TAMS 0x00000000c8600000, 0x00000000c8600000| Untracked 
| 135|0x00000000c8700000, 0x00000000c8700000, 0x00000000c8800000|  0%| F|  |TAMS 0x00000000c8700000, 0x00000000c8700000| Untracked 
| 136|0x00000000c8800000, 0x00000000c8800000, 0x00000000c8900000|  0%| F|  |TAMS 0x00000000c8800000, 0x00000000c8800000| Untracked 
| 137|0x00000000c8900000, 0x00000000c8900000, 0x00000000c8a00000|  0%| F|  |TAMS 0x00000000c8900000, 0x00000000c8900000| Untracked 
| 138|0x00000000c8a00000, 0x00000000c8a00000, 0x00000000c8b00000|  0%| F|  |TAMS 0x00000000c8a00000, 0x00000000c8a00000| Untracked 
| 139|0x00000000c8b00000, 0x00000000c8b00000, 0x00000000c8c00000|  0%| F|  |TAMS 0x00000000c8b00000, 0x00000000c8b00000| Untracked 
| 140|0x00000000c8c00000, 0x00000000c8c00000, 0x00000000c8d00000|  0%| F|  |TAMS 0x00000000c8c00000, 0x00000000c8c00000| Untracked 
| 141|0x00000000c8d00000, 0x00000000c8d00000, 0x00000000c8e00000|  0%| F|  |TAMS 0x00000000c8d00000, 0x00000000c8d00000| Untracked 
| 142|0x00000000c8e00000, 0x00000000c8e00000, 0x00000000c8f00000|  0%| F|  |TAMS 0x00000000c8e00000, 0x00000000c8e00000| Untracked 
| 143|0x00000000c8f00000, 0x00000000c8f00000, 0x00000000c9000000|  0%| F|  |TAMS 0x00000000c8f00000, 0x00000000c8f00000| Untracked 
| 144|0x00000000c9000000, 0x00000000c9000000, 0x00000000c9100000|  0%| F|  |TAMS 0x00000000c9000000, 0x00000000c9000000| Untracked 
| 145|0x00000000c9100000, 0x00000000c9100000, 0x00000000c9200000|  0%| F|  |TAMS 0x00000000c9100000, 0x00000000c9100000| Untracked 
| 146|0x00000000c9200000, 0x00000000c9200000, 0x00000000c9300000|  0%| F|  |TAMS 0x00000000c9200000, 0x00000000c9200000| Untracked 
| 147|0x00000000c9300000, 0x00000000c9300000, 0x00000000c9400000|  0%| F|  |TAMS 0x00000000c9300000, 0x00000000c9300000| Untracked 
| 148|0x00000000c9400000, 0x00000000c9400000, 0x00000000c9500000|  0%| F|  |TAMS 0x00000000c9400000, 0x00000000c9400000| Untracked 
| 149|0x00000000c9500000, 0x00000000c9500000, 0x00000000c9600000|  0%| F|  |TAMS 0x00000000c9500000, 0x00000000c9500000| Untracked 
| 150|0x00000000c9600000, 0x00000000c9600000, 0x00000000c9700000|  0%| F|  |TAMS 0x00000000c9600000, 0x00000000c9600000| Untracked 
| 151|0x00000000c9700000, 0x00000000c9700000, 0x00000000c9800000|  0%| F|  |TAMS 0x00000000c9700000, 0x00000000c9700000| Untracked 
| 152|0x00000000c9800000, 0x00000000c9800000, 0x00000000c9900000|  0%| F|  |TAMS 0x00000000c9800000, 0x00000000c9800000| Untracked 
| 153|0x00000000c9900000, 0x00000000c9900000, 0x00000000c9a00000|  0%| F|  |TAMS 0x00000000c9900000, 0x00000000c9900000| Untracked 
| 154|0x00000000c9a00000, 0x00000000c9a00000, 0x00000000c9b00000|  0%| F|  |TAMS 0x00000000c9a00000, 0x00000000c9a00000| Untracked 
| 155|0x00000000c9b00000, 0x00000000c9b00000, 0x00000000c9c00000|  0%| F|  |TAMS 0x00000000c9b00000, 0x00000000c9b00000| Untracked 
| 156|0x00000000c9c00000, 0x00000000c9c00000, 0x00000000c9d00000|  0%| F|  |TAMS 0x00000000c9c00000, 0x00000000c9c00000| Untracked 
| 157|0x00000000c9d00000, 0x00000000c9d00000, 0x00000000c9e00000|  0%| F|  |TAMS 0x00000000c9d00000, 0x00000000c9d00000| Untracked 
| 158|0x00000000c9e00000, 0x00000000c9e00000, 0x00000000c9f00000|  0%| F|  |TAMS 0x00000000c9e00000, 0x00000000c9e00000| Untracked 
| 159|0x00000000c9f00000, 0x00000000c9f00000, 0x00000000ca000000|  0%| F|  |TAMS 0x00000000c9f00000, 0x00000000c9f00000| Untracked 
| 160|0x00000000ca000000, 0x00000000ca000000, 0x00000000ca100000|  0%| F|  |TAMS 0x00000000ca000000, 0x00000000ca000000| Untracked 
| 161|0x00000000ca100000, 0x00000000ca100000, 0x00000000ca200000|  0%| F|  |TAMS 0x00000000ca100000, 0x00000000ca100000| Untracked 
| 162|0x00000000ca200000, 0x00000000ca200000, 0x00000000ca300000|  0%| F|  |TAMS 0x00000000ca200000, 0x00000000ca200000| Untracked 
| 163|0x00000000ca300000, 0x00000000ca300000, 0x00000000ca400000|  0%| F|  |TAMS 0x00000000ca300000, 0x00000000ca300000| Untracked 
| 164|0x00000000ca400000, 0x00000000ca400000, 0x00000000ca500000|  0%| F|  |TAMS 0x00000000ca400000, 0x00000000ca400000| Untracked 
| 165|0x00000000ca500000, 0x00000000ca500000, 0x00000000ca600000|  0%| F|  |TAMS 0x00000000ca500000, 0x00000000ca500000| Untracked 
| 166|0x00000000ca600000, 0x00000000ca600000, 0x00000000ca700000|  0%| F|  |TAMS 0x00000000ca600000, 0x00000000ca600000| Untracked 
| 167|0x00000000ca700000, 0x00000000ca700000, 0x00000000ca800000|  0%| F|  |TAMS 0x00000000ca700000, 0x00000000ca700000| Untracked 
| 168|0x00000000ca800000, 0x00000000ca900000, 0x00000000ca900000|100%| E|  |TAMS 0x00000000ca800000, 0x00000000ca800000| Complete 
| 169|0x00000000ca900000, 0x00000000caa00000, 0x00000000caa00000|100%| E|CS|TAMS 0x00000000ca900000, 0x00000000ca900000| Complete 
| 170|0x00000000caa00000, 0x00000000cab00000, 0x00000000cab00000|100%| E|CS|TAMS 0x00000000caa00000, 0x00000000caa00000| Complete 
| 171|0x00000000cab00000, 0x00000000cac00000, 0x00000000cac00000|100%| E|CS|TAMS 0x00000000cab00000, 0x00000000cab00000| Complete 
| 172|0x00000000cac00000, 0x00000000cad00000, 0x00000000cad00000|100%| E|CS|TAMS 0x00000000cac00000, 0x00000000cac00000| Complete 
| 173|0x00000000cad00000, 0x00000000cae00000, 0x00000000cae00000|100%| E|CS|TAMS 0x00000000cad00000, 0x00000000cad00000| Complete 
| 174|0x00000000cae00000, 0x00000000caf00000, 0x00000000caf00000|100%| E|CS|TAMS 0x00000000cae00000, 0x00000000cae00000| Complete 
| 175|0x00000000caf00000, 0x00000000cb000000, 0x00000000cb000000|100%| E|CS|TAMS 0x00000000caf00000, 0x00000000caf00000| Complete 
| 176|0x00000000cb000000, 0x00000000cb100000, 0x00000000cb100000|100%| E|CS|TAMS 0x00000000cb000000, 0x00000000cb000000| Complete 
| 177|0x00000000cb100000, 0x00000000cb200000, 0x00000000cb200000|100%| E|CS|TAMS 0x00000000cb100000, 0x00000000cb100000| Complete 
| 178|0x00000000cb200000, 0x00000000cb300000, 0x00000000cb300000|100%| E|CS|TAMS 0x00000000cb200000, 0x00000000cb200000| Complete 
| 179|0x00000000cb300000, 0x00000000cb400000, 0x00000000cb400000|100%| E|CS|TAMS 0x00000000cb300000, 0x00000000cb300000| Complete 
| 180|0x00000000cb400000, 0x00000000cb500000, 0x00000000cb500000|100%| E|CS|TAMS 0x00000000cb400000, 0x00000000cb400000| Complete 
| 181|0x00000000cb500000, 0x00000000cb600000, 0x00000000cb600000|100%| E|CS|TAMS 0x00000000cb500000, 0x00000000cb500000| Complete 
| 182|0x00000000cb600000, 0x00000000cb700000, 0x00000000cb700000|100%| E|CS|TAMS 0x00000000cb600000, 0x00000000cb600000| Complete 
| 183|0x00000000cb700000, 0x00000000cb800000, 0x00000000cb800000|100%| E|CS|TAMS 0x00000000cb700000, 0x00000000cb700000| Complete 
| 184|0x00000000cb800000, 0x00000000cb900000, 0x00000000cb900000|100%| E|CS|TAMS 0x00000000cb800000, 0x00000000cb800000| Complete 
| 185|0x00000000cb900000, 0x00000000cba00000, 0x00000000cba00000|100%| E|CS|TAMS 0x00000000cb900000, 0x00000000cb900000| Complete 
| 186|0x00000000cba00000, 0x00000000cbb00000, 0x00000000cbb00000|100%| E|CS|TAMS 0x00000000cba00000, 0x00000000cba00000| Complete 
| 187|0x00000000cbb00000, 0x00000000cbc00000, 0x00000000cbc00000|100%| E|CS|TAMS 0x00000000cbb00000, 0x00000000cbb00000| Complete 
| 188|0x00000000cbc00000, 0x00000000cbd00000, 0x00000000cbd00000|100%| E|CS|TAMS 0x00000000cbc00000, 0x00000000cbc00000| Complete 
| 189|0x00000000cbd00000, 0x00000000cbe00000, 0x00000000cbe00000|100%| E|CS|TAMS 0x00000000cbd00000, 0x00000000cbd00000| Complete 
| 190|0x00000000cbe00000, 0x00000000cbf00000, 0x00000000cbf00000|100%| E|CS|TAMS 0x00000000cbe00000, 0x00000000cbe00000| Complete 
| 191|0x00000000cbf00000, 0x00000000cc000000, 0x00000000cc000000|100%| E|CS|TAMS 0x00000000cbf00000, 0x00000000cbf00000| Complete 
| 192|0x00000000cc000000, 0x00000000cc100000, 0x00000000cc100000|100%| E|CS|TAMS 0x00000000cc000000, 0x00000000cc000000| Complete 
| 193|0x00000000cc100000, 0x00000000cc200000, 0x00000000cc200000|100%| E|CS|TAMS 0x00000000cc100000, 0x00000000cc100000| Complete 
| 194|0x00000000cc200000, 0x00000000cc300000, 0x00000000cc300000|100%| E|CS|TAMS 0x00000000cc200000, 0x00000000cc200000| Complete 
| 195|0x00000000cc300000, 0x00000000cc400000, 0x00000000cc400000|100%| E|CS|TAMS 0x00000000cc300000, 0x00000000cc300000| Complete 
| 196|0x00000000cc400000, 0x00000000cc500000, 0x00000000cc500000|100%| E|CS|TAMS 0x00000000cc400000, 0x00000000cc400000| Complete 
| 197|0x00000000cc500000, 0x00000000cc600000, 0x00000000cc600000|100%| E|CS|TAMS 0x00000000cc500000, 0x00000000cc500000| Complete 
| 198|0x00000000cc600000, 0x00000000cc700000, 0x00000000cc700000|100%| E|CS|TAMS 0x00000000cc600000, 0x00000000cc600000| Complete 
| 199|0x00000000cc700000, 0x00000000cc800000, 0x00000000cc800000|100%| E|CS|TAMS 0x00000000cc700000, 0x00000000cc700000| Complete 
| 200|0x00000000cc800000, 0x00000000cc900000, 0x00000000cc900000|100%| E|CS|TAMS 0x00000000cc800000, 0x00000000cc800000| Complete 
| 201|0x00000000cc900000, 0x00000000cca00000, 0x00000000cca00000|100%| E|CS|TAMS 0x00000000cc900000, 0x00000000cc900000| Complete 
| 202|0x00000000cca00000, 0x00000000ccb00000, 0x00000000ccb00000|100%| E|CS|TAMS 0x00000000cca00000, 0x00000000cca00000| Complete 
| 203|0x00000000ccb00000, 0x00000000ccc00000, 0x00000000ccc00000|100%| E|CS|TAMS 0x00000000ccb00000, 0x00000000ccb00000| Complete 
| 204|0x00000000ccc00000, 0x00000000ccd00000, 0x00000000ccd00000|100%| E|CS|TAMS 0x00000000ccc00000, 0x00000000ccc00000| Complete 
| 205|0x00000000ccd00000, 0x00000000cce00000, 0x00000000cce00000|100%| E|CS|TAMS 0x00000000ccd00000, 0x00000000ccd00000| Complete 
| 206|0x00000000cce00000, 0x00000000ccf00000, 0x00000000ccf00000|100%| E|CS|TAMS 0x00000000cce00000, 0x00000000cce00000| Complete 
| 207|0x00000000ccf00000, 0x00000000cd000000, 0x00000000cd000000|100%| E|CS|TAMS 0x00000000ccf00000, 0x00000000ccf00000| Complete 
| 208|0x00000000cd000000, 0x00000000cd100000, 0x00000000cd100000|100%| E|CS|TAMS 0x00000000cd000000, 0x00000000cd000000| Complete 
| 209|0x00000000cd100000, 0x00000000cd200000, 0x00000000cd200000|100%| E|CS|TAMS 0x00000000cd100000, 0x00000000cd100000| Complete 
| 210|0x00000000cd200000, 0x00000000cd300000, 0x00000000cd300000|100%| E|CS|TAMS 0x00000000cd200000, 0x00000000cd200000| Complete 
| 211|0x00000000cd300000, 0x00000000cd400000, 0x00000000cd400000|100%| E|CS|TAMS 0x00000000cd300000, 0x00000000cd300000| Complete 
| 212|0x00000000cd400000, 0x00000000cd500000, 0x00000000cd500000|100%| E|CS|TAMS 0x00000000cd400000, 0x00000000cd400000| Complete 
| 213|0x00000000cd500000, 0x00000000cd600000, 0x00000000cd600000|100%| E|CS|TAMS 0x00000000cd500000, 0x00000000cd500000| Complete 
| 214|0x00000000cd600000, 0x00000000cd700000, 0x00000000cd700000|100%| E|CS|TAMS 0x00000000cd600000, 0x00000000cd600000| Complete 
| 215|0x00000000cd700000, 0x00000000cd800000, 0x00000000cd800000|100%| E|CS|TAMS 0x00000000cd700000, 0x00000000cd700000| Complete 
| 216|0x00000000cd800000, 0x00000000cd900000, 0x00000000cd900000|100%| E|CS|TAMS 0x00000000cd800000, 0x00000000cd800000| Complete 
| 217|0x00000000cd900000, 0x00000000cda00000, 0x00000000cda00000|100%| E|CS|TAMS 0x00000000cd900000, 0x00000000cd900000| Complete 
| 218|0x00000000cda00000, 0x00000000cdb00000, 0x00000000cdb00000|100%| E|CS|TAMS 0x00000000cda00000, 0x00000000cda00000| Complete 
| 219|0x00000000cdb00000, 0x00000000cdc00000, 0x00000000cdc00000|100%| E|CS|TAMS 0x00000000cdb00000, 0x00000000cdb00000| Complete 
| 220|0x00000000cdc00000, 0x00000000cdd00000, 0x00000000cdd00000|100%| E|CS|TAMS 0x00000000cdc00000, 0x00000000cdc00000| Complete 
| 221|0x00000000cdd00000, 0x00000000cde00000, 0x00000000cde00000|100%| E|CS|TAMS 0x00000000cdd00000, 0x00000000cdd00000| Complete 
| 222|0x00000000cde00000, 0x00000000cdf00000, 0x00000000cdf00000|100%| E|CS|TAMS 0x00000000cde00000, 0x00000000cde00000| Complete 
| 223|0x00000000cdf00000, 0x00000000ce000000, 0x00000000ce000000|100%| E|CS|TAMS 0x00000000cdf00000, 0x00000000cdf00000| Complete 
| 224|0x00000000ce000000, 0x00000000ce100000, 0x00000000ce100000|100%| E|CS|TAMS 0x00000000ce000000, 0x00000000ce000000| Complete 
| 225|0x00000000ce100000, 0x00000000ce1b1300, 0x00000000ce200000| 69%| S|CS|TAMS 0x00000000ce100000, 0x00000000ce100000| Complete 
| 226|0x00000000ce200000, 0x00000000ce300000, 0x00000000ce300000|100%| E|CS|TAMS 0x00000000ce200000, 0x00000000ce200000| Complete 
| 227|0x00000000ce300000, 0x00000000ce400000, 0x00000000ce400000|100%| E|CS|TAMS 0x00000000ce300000, 0x00000000ce300000| Complete 
| 228|0x00000000ce400000, 0x00000000ce500000, 0x00000000ce500000|100%| E|CS|TAMS 0x00000000ce400000, 0x00000000ce400000| Complete 
| 229|0x00000000ce500000, 0x00000000ce600000, 0x00000000ce600000|100%| E|CS|TAMS 0x00000000ce500000, 0x00000000ce500000| Complete 
| 230|0x00000000ce600000, 0x00000000ce700000, 0x00000000ce700000|100%| E|CS|TAMS 0x00000000ce600000, 0x00000000ce600000| Complete 
| 231|0x00000000ce700000, 0x00000000ce800000, 0x00000000ce800000|100%| E|CS|TAMS 0x00000000ce700000, 0x00000000ce700000| Complete 
| 232|0x00000000ce800000, 0x00000000ce900000, 0x00000000ce900000|100%| E|CS|TAMS 0x00000000ce800000, 0x00000000ce800000| Complete 
| 233|0x00000000ce900000, 0x00000000cea00000, 0x00000000cea00000|100%| E|CS|TAMS 0x00000000ce900000, 0x00000000ce900000| Complete 
| 234|0x00000000cea00000, 0x00000000ceb00000, 0x00000000ceb00000|100%| E|CS|TAMS 0x00000000cea00000, 0x00000000cea00000| Complete 
| 235|0x00000000ceb00000, 0x00000000cec00000, 0x00000000cec00000|100%| E|CS|TAMS 0x00000000ceb00000, 0x00000000ceb00000| Complete 
| 236|0x00000000cec00000, 0x00000000ced00000, 0x00000000ced00000|100%| E|CS|TAMS 0x00000000cec00000, 0x00000000cec00000| Complete 
| 237|0x00000000ced00000, 0x00000000cee00000, 0x00000000cee00000|100%| E|CS|TAMS 0x00000000ced00000, 0x00000000ced00000| Complete 
| 238|0x00000000cee00000, 0x00000000cef00000, 0x00000000cef00000|100%| E|CS|TAMS 0x00000000cee00000, 0x00000000cee00000| Complete 
| 239|0x00000000cef00000, 0x00000000cf000000, 0x00000000cf000000|100%| E|CS|TAMS 0x00000000cef00000, 0x00000000cef00000| Complete 
| 240|0x00000000cf000000, 0x00000000cf100000, 0x00000000cf100000|100%| E|CS|TAMS 0x00000000cf000000, 0x00000000cf000000| Complete 
| 241|0x00000000cf100000, 0x00000000cf200000, 0x00000000cf200000|100%| E|CS|TAMS 0x00000000cf100000, 0x00000000cf100000| Complete 
| 242|0x00000000cf200000, 0x00000000cf300000, 0x00000000cf300000|100%| E|CS|TAMS 0x00000000cf200000, 0x00000000cf200000| Complete 
| 243|0x00000000cf300000, 0x00000000cf400000, 0x00000000cf400000|100%| E|CS|TAMS 0x00000000cf300000, 0x00000000cf300000| Complete 
| 244|0x00000000cf400000, 0x00000000cf500000, 0x00000000cf500000|100%| E|CS|TAMS 0x00000000cf400000, 0x00000000cf400000| Complete 
| 245|0x00000000cf500000, 0x00000000cf600000, 0x00000000cf600000|100%| E|CS|TAMS 0x00000000cf500000, 0x00000000cf500000| Complete 
| 246|0x00000000cf600000, 0x00000000cf700000, 0x00000000cf700000|100%| E|CS|TAMS 0x00000000cf600000, 0x00000000cf600000| Complete 
| 247|0x00000000cf700000, 0x00000000cf800000, 0x00000000cf800000|100%| E|CS|TAMS 0x00000000cf700000, 0x00000000cf700000| Complete 
| 248|0x00000000cf800000, 0x00000000cf900000, 0x00000000cf900000|100%| E|CS|TAMS 0x00000000cf800000, 0x00000000cf800000| Complete 
| 249|0x00000000cf900000, 0x00000000cfa00000, 0x00000000cfa00000|100%| E|CS|TAMS 0x00000000cf900000, 0x00000000cf900000| Complete 
| 250|0x00000000cfa00000, 0x00000000cfb00000, 0x00000000cfb00000|100%| E|  |TAMS 0x00000000cfa00000, 0x00000000cfa00000| Complete 
| 251|0x00000000cfb00000, 0x00000000cfc00000, 0x00000000cfc00000|100%| E|CS|TAMS 0x00000000cfb00000, 0x00000000cfb00000| Complete 
| 252|0x00000000cfc00000, 0x00000000cfd00000, 0x00000000cfd00000|100%| E|CS|TAMS 0x00000000cfc00000, 0x00000000cfc00000| Complete 
| 253|0x00000000cfd00000, 0x00000000cfe00000, 0x00000000cfe00000|100%| E|CS|TAMS 0x00000000cfd00000, 0x00000000cfd00000| Complete 
| 254|0x00000000cfe00000, 0x00000000cff00000, 0x00000000cff00000|100%| E|CS|TAMS 0x00000000cfe00000, 0x00000000cfe00000| Complete 
| 255|0x00000000cff00000, 0x00000000d0000000, 0x00000000d0000000|100%| E|CS|TAMS 0x00000000cff00000, 0x00000000cff00000| Complete 

Card table byte_map: [0x0000026a42f90000,0x0000026a43190000] _byte_map_base: 0x0000026a42990000

Marking Bits (Prev, Next): (CMBitMap*) 0x0000026a29e052e0, (CMBitMap*) 0x0000026a29e05320
 Prev Bits: [0x0000026a43390000, 0x0000026a44390000)
 Next Bits: [0x0000026a44390000, 0x0000026a45390000)

Polling page: 0x0000026a29ea0000

Metaspace:

Usage:
  Non-class:     14.02 MB used.
      Class:      2.37 MB used.
       Both:     16.39 MB used.

Virtual space:
  Non-class space:       16.00 MB reserved,      14.19 MB ( 89%) committed,  2 nodes.
      Class space:        1.00 GB reserved,       2.50 MB ( <1%) committed,  1 nodes.
             Both:        1.02 GB reserved,      16.69 MB (  2%) committed. 

Chunk freelists:
   Non-Class:  1.22 MB
       Class:  1.47 MB
        Both:  2.69 MB

MaxMetaspaceSize: unlimited
CompressedClassSpaceSize: 1.00 GB
Initial GC threshold: 21.00 MB
Current GC threshold: 21.00 MB
CDS: on
MetaspaceReclaimPolicy: balanced
 - commit_granule_bytes: 65536.
 - commit_granule_words: 8192.
 - virtual_space_node_default_size: 1048576.
 - enlarge_chunks_in_place: 1.
 - new_chunks_are_fully_committed: 0.
 - uncommit_free_chunks: 1.
 - use_allocation_guard: 0.
 - handle_deallocations: 1.


Internal statistics:

num_allocs_failed_limit: 0.
num_arena_births: 216.
num_arena_deaths: 0.
num_vsnodes_births: 3.
num_vsnodes_deaths: 0.
num_space_committed: 267.
num_space_uncommitted: 0.
num_chunks_returned_to_freelist: 0.
num_chunks_taken_from_freelist: 778.
num_chunk_merges: 0.
num_chunk_splits: 526.
num_chunks_enlarged: 384.
num_purges: 0.
num_inconsistent_stats: 0.

CodeHeap 'non-profiled nmethods': size=119168Kb used=1213Kb max_used=1213Kb free=117954Kb
 bounds [0x0000026a3a960000, 0x0000026a3abd0000, 0x0000026a41dc0000]
CodeHeap 'profiled nmethods': size=119104Kb used=5316Kb max_used=5316Kb free=113787Kb
 bounds [0x0000026a33510000, 0x0000026a33a50000, 0x0000026a3a960000]
CodeHeap 'non-nmethods': size=7488Kb used=2913Kb max_used=2953Kb free=4575Kb
 bounds [0x0000026a32dc0000, 0x0000026a330b0000, 0x0000026a33510000]
 total_blobs=3078 nmethods=2548 adapters=439
 compilation: enabled
              stopped_count=0, restarted_count=0
 full_count=0

Compilation events (20 events):
Event: 2.080 Thread 0x0000026a48dfa540 2473       1       java.util.concurrent.atomic.AtomicInteger::get (5 bytes)
Event: 2.080 Thread 0x0000026a48dfa540 nmethod 2473 0x0000026a3aa8d610 code [0x0000026a3aa8d7a0, 0x0000026a3aa8d878]
Event: 2.111 Thread 0x0000026a49ef3da0 2475       3       java.util.LinkedList::node (65 bytes)
Event: 2.112 Thread 0x0000026a49ef3da0 nmethod 2475 0x0000026a33a16f90 code [0x0000026a33a17140, 0x0000026a33a17418]
Event: 2.113 Thread 0x0000026a48dfa540 2477       3       java.lang.reflect.ReflectAccess::getRoot (5 bytes)
Event: 2.113 Thread 0x0000026a48dfa540 nmethod 2477 0x0000026a33a17590 code [0x0000026a33a17740, 0x0000026a33a17908]
Event: 2.118 Thread 0x0000026a49ef3da0 2480       3       java.lang.invoke.DirectMethodHandle$Constructor::<init> (44 bytes)
Event: 2.118 Thread 0x0000026a49ef3da0 nmethod 2480 0x0000026a33a17a10 code [0x0000026a33a17bc0, 0x0000026a33a17de8]
Event: 2.119 Thread 0x0000026a49ef3da0 2481       3       java.lang.invoke.MethodHandles$Lookup$ClassFile::<init> (20 bytes)
Event: 2.119 Thread 0x0000026a48dfa540 2482       3       java.lang.invoke.MethodHandles$Lookup$ClassDefiner::<init> (58 bytes)
Event: 2.119 Thread 0x0000026a483aeed0 2483       3       java.lang.invoke.MethodHandles$Lookup$ClassDefiner::defineClass (97 bytes)
Event: 2.119 Thread 0x0000026a48df9d40 2484       3       java.lang.System$2::defineClass (21 bytes)
Event: 2.119 Thread 0x0000026a49ef3da0 nmethod 2481 0x0000026a33a17e90 code [0x0000026a33a18040, 0x0000026a33a18278]
Event: 2.119 Thread 0x0000026a48dfa540 nmethod 2482 0x0000026a33a18310 code [0x0000026a33a184c0, 0x0000026a33a18758]
Event: 2.119 Thread 0x0000026a48df9d40 nmethod 2484 0x0000026a33a18890 code [0x0000026a33a18a40, 0x0000026a33a18bc8]
Event: 2.120 Thread 0x0000026a483aeed0 nmethod 2483 0x0000026a33a18c90 code [0x0000026a33a18f20, 0x0000026a33a19d98]
Event: 2.123 Thread 0x0000026a483aeed0 2487       3       java.lang.String::compareTo (9 bytes)
Event: 2.123 Thread 0x0000026a48df9d40 2488       3       java.util.TreeMap$Entry::<init> (25 bytes)
Event: 2.123 Thread 0x0000026a483aeed0 nmethod 2487 0x0000026a33a1a310 code [0x0000026a33a1a4c0, 0x0000026a33a1a6e8]
Event: 2.124 Thread 0x0000026a48df9d40 nmethod 2488 0x0000026a33a1a790 code [0x0000026a33a1a940, 0x0000026a33a1abb8]

GC Heap History (4 events):
Event: 0.515 GC heap before
{Heap before GC invocations=0 (full 0):
 garbage-first heap   total 262144K, used 26624K [0x00000000c0000000, 0x0000000100000000)
  region size 1024K, 23 young (23552K), 0 survivors (0K)
 Metaspace       used 3047K, committed 3200K, reserved 1056768K
  class space    used 386K, committed 448K, reserved 1048576K
}
Event: 0.519 GC heap after
{Heap after GC invocations=1 (full 0):
 garbage-first heap   total 262144K, used 10275K [0x00000000c0000000, 0x0000000100000000)
  region size 1024K, 3 young (3072K), 3 survivors (3072K)
 Metaspace       used 3047K, committed 3200K, reserved 1056768K
  class space    used 386K, committed 448K, reserved 1048576K
}
Event: 0.819 GC heap before
{Heap before GC invocations=1 (full 0):
 garbage-first heap   total 262144K, used 37923K [0x00000000c0000000, 0x0000000100000000)
  region size 1024K, 30 young (30720K), 3 survivors (3072K)
 Metaspace       used 4053K, committed 4224K, reserved 1056768K
  class space    used 490K, committed 576K, reserved 1048576K
}
Event: 0.821 GC heap after
{Heap after GC invocations=2 (full 0):
 garbage-first heap   total 262144K, used 11016K [0x00000000c0000000, 0x0000000100000000)
  region size 1024K, 1 young (1024K), 1 survivors (1024K)
 Metaspace       used 4053K, committed 4224K, reserved 1056768K
  class space    used 490K, committed 576K, reserved 1048576K
}

Deoptimization events (20 events):
Event: 1.812 Thread 0x0000026a4b564e00 Uncommon trap: trap_request=0xffffff45 fr.pc=0x0000026a3a97f264 relative=0x00000000000001c4
Event: 1.812 Thread 0x0000026a4b564e00 Uncommon trap: reason=unstable_if action=reinterpret pc=0x0000026a3a97f264 method=java.util.regex.Matcher.reset()Ljava/util/regex/Matcher; @ 47 c2
Event: 1.812 Thread 0x0000026a4b564e00 DEOPT PACKING pc=0x0000026a3a97f264 sp=0x000000b7f2efac50
Event: 1.812 Thread 0x0000026a4b564e00 DEOPT UNPACKING pc=0x0000026a32e123a3 sp=0x000000b7f2efabe0 mode 2
Event: 1.838 Thread 0x0000026a4b564e00 Uncommon trap: trap_request=0xffffff45 fr.pc=0x0000026a3a98450c relative=0x0000000000000a8c
Event: 1.838 Thread 0x0000026a4b564e00 Uncommon trap: reason=unstable_if action=reinterpret pc=0x0000026a3a98450c method=java.io.WinNTFileSystem.resolve(Ljava/lang/String;Ljava/lang/String;)Ljava/lang/String; @ 19 c2
Event: 1.838 Thread 0x0000026a4b564e00 DEOPT PACKING pc=0x0000026a3a98450c sp=0x000000b7f2efccc0
Event: 1.838 Thread 0x0000026a4b564e00 DEOPT UNPACKING pc=0x0000026a32e123a3 sp=0x000000b7f2efcc68 mode 2
Event: 1.892 Thread 0x0000026a4b564e00 DEOPT PACKING pc=0x0000026a3391e06a sp=0x000000b7f2efaa90
Event: 1.892 Thread 0x0000026a4b564e00 DEOPT UNPACKING pc=0x0000026a32e12b43 sp=0x000000b7f2ef9fa0 mode 0
Event: 2.058 Thread 0x0000026a4b564e00 DEOPT PACKING pc=0x0000026a3391e049 sp=0x000000b7f2efb310
Event: 2.058 Thread 0x0000026a4b564e00 DEOPT UNPACKING pc=0x0000026a32e12b43 sp=0x000000b7f2efa820 mode 0
Event: 2.100 Thread 0x0000026a4b564e00 DEOPT PACKING pc=0x0000026a3391e049 sp=0x000000b7f2ef76b0
Event: 2.100 Thread 0x0000026a4b564e00 DEOPT UNPACKING pc=0x0000026a32e12b43 sp=0x000000b7f2ef6bc0 mode 0
Event: 2.107 Thread 0x0000026a4b564e00 DEOPT PACKING pc=0x0000026a3391e049 sp=0x000000b7f2efc1e0
Event: 2.107 Thread 0x0000026a4b564e00 DEOPT UNPACKING pc=0x0000026a32e12b43 sp=0x000000b7f2efb6f0 mode 0
Event: 2.123 Thread 0x0000026a4b564e00 Uncommon trap: trap_request=0xffffff45 fr.pc=0x0000026a3aa6e3f4 relative=0x00000000000003b4
Event: 2.123 Thread 0x0000026a4b564e00 Uncommon trap: reason=unstable_if action=reinterpret pc=0x0000026a3aa6e3f4 method=java.util.HashMap.getNode(Ljava/lang/Object;)Ljava/util/HashMap$Node; @ 131 c2
Event: 2.123 Thread 0x0000026a4b564e00 DEOPT PACKING pc=0x0000026a3aa6e3f4 sp=0x000000b7f2efac80
Event: 2.123 Thread 0x0000026a4b564e00 DEOPT UNPACKING pc=0x0000026a32e123a3 sp=0x000000b7f2efaba0 mode 2

Classes unloaded (0 events):
No events

Classes redefined (0 events):
No events

Internal exceptions (20 events):
Event: 1.615 Thread 0x0000026a4b564e00 Exception <a 'java/lang/NoSuchMethodError'{0x00000000cd0c2b30}: 'void java.lang.invoke.DirectMethodHandle$Holder.invokeStatic(java.lang.Object, java.lang.Object)'> (0x00000000cd0c2b30) 
thrown [t:\workspace\open\src\hotspot\share\interpreter\linkResolver.cpp, line 766]
Event: 1.635 Thread 0x0000026a4b564e00 Exception <a 'java/lang/NoSuchMethodError'{0x00000000cce67f48}: 'java.lang.Object java.lang.invoke.DirectMethodHandle$Holder.newInvokeSpecial(java.lang.Object, java.lang.Object, java.lang.Object, java.lang.Object, java.lang.Object)'> (0x00000000cce67f48) 
thrown [t:\workspace\open\src\hotspot\share\interpreter\linkResolver.cpp, line 766]
Event: 1.659 Thread 0x0000026a4b564e00 Exception <a 'java/lang/NoSuchMethodError'{0x00000000ccc644a0}: 'void java.lang.invoke.DirectMethodHandle$Holder.invokeSpecial(java.lang.Object, java.lang.Object, java.lang.Object)'> (0x00000000ccc644a0) 
thrown [t:\workspace\open\src\hotspot\share\interpreter\linkResolver.cpp, line 766]
Event: 1.668 Thread 0x0000026a4b564e00 Exception <a 'java/lang/NoSuchMethodError'{0x00000000cccfddd0}: 'java.lang.Object java.lang.invoke.DirectMethodHandle$Holder.newInvokeSpecial(java.lang.Object, java.lang.Object, java.lang.Object, java.lang.Object, java.lang.Object, java.lang.Object)'> (0x00000000cccfddd0) 
thrown [t:\workspace\open\src\hotspot\share\interpreter\linkResolver.cpp, line 766]
Event: 1.669 Thread 0x0000026a4b564e00 Exception <a 'java/lang/NoSuchMethodError'{0x00000000ccb0bcc0}: 'void java.lang.invoke.DirectMethodHandle$Holder.invokeSpecial(java.lang.Object, java.lang.Object, java.lang.Object, java.lang.Object, java.lang.Object)'> (0x00000000ccb0bcc0) 
thrown [t:\workspace\open\src\hotspot\share\interpreter\linkResolver.cpp, line 766]
Event: 1.702 Thread 0x0000026a4b564e00 Exception <a 'java/lang/NoSuchMethodError'{0x00000000cc9cc608}: 'void java.lang.invoke.DelegatingMethodHandle$Holder.reinvoke_L(java.lang.Object, java.lang.Object, java.lang.Object, java.lang.Object, java.lang.Object, java.lang.Object, java.lang.Object, java.lang.Object, java.lang.Object, java.lang.Object)'> (0x00000000cc9cc608) 
thrown [t:\workspace\open\src\hotspot\share\interpreter\linkResolver.cpp, line 766]
Event: 1.702 Thread 0x0000026a4b564e00 Exception <a 'java/lang/NoSuchMethodError'{0x00000000cc9d4a78}: 'java.lang.Object java.lang.invoke.DirectMethodHandle$Holder.invokeSpecial(java.lang.Object, java.lang.Object, java.lang.Object, java.lang.Object, java.lang.Object, java.lang.Object, java.lang.Object, java.lang.Object, java.lang.Object, java.lang.Object)'> (0x00000000cc9d4a78) 
thrown [t:\workspace\open\src\hotspot\share\interpreter\linkResolver.cpp, line 766]
Event: 1.702 Thread 0x0000026a4b564e00 Exception <a 'java/lang/NoSuchMethodError'{0x00000000cc9d9348}: 'java.lang.Object java.lang.invoke.Invokers$Holder.invoker(java.lang.Object, java.lang.Object, java.lang.Object, java.lang.Object, java.lang.Object, java.lang.Object, java.lang.Object, java.lang.Object, java.lang.Object, java.lang.Object)'> (0x00000000cc9d9348) 
thrown [t:\workspace\open\src\hotspot\share\interpreter\linkResolver.cpp, line 766]
Event: 1.702 Thread 0x0000026a4b564e00 Exception <a 'java/lang/NoSuchMethodError'{0x00000000cc9deed0}: 'java.lang.Object java.lang.invoke.DirectMethodHandle$Holder.invokeSpecial(java.lang.Object, java.lang.Object, java.lang.Object, java.lang.Object, java.lang.Object, java.lang.Object, java.lang.Object, java.lang.Object, java.lang.Object, java.lang.Object, java.lang.Object)'> (0x00000000cc9deed0) 
thrown [t:\workspace\open\src\hotspot\share\interpreter\linkResolver.cpp, line 766]
Event: 1.761 Thread 0x0000026a4b564e00 Exception <a 'java/lang/NoSuchMethodError'{0x00000000cc3459b0}: 'void java.lang.invoke.DirectMethodHandle$Holder.invokeStaticInit(java.lang.Object)'> (0x00000000cc3459b0) 
thrown [t:\workspace\open\src\hotspot\share\interpreter\linkResolver.cpp, line 766]
Event: 1.770 Thread 0x0000026a4b564e00 Exception <a 'java/lang/NoSuchMethodError'{0x00000000cc3f47f0}: 'java.lang.Object java.lang.invoke.DirectMethodHandle$Holder.newInvokeSpecial(java.lang.Object, java.lang.Object, java.lang.Object, int)'> (0x00000000cc3f47f0) 
thrown [t:\workspace\open\src\hotspot\share\interpreter\linkResolver.cpp, line 766]
Event: 1.770 Thread 0x0000026a4b564e00 Exception <a 'java/lang/NoSuchMethodError'{0x00000000cc3f9120}: 'java.lang.Object java.lang.invoke.DirectMethodHandle$Holder.invokeSpecial(java.lang.Object, java.lang.Object, java.lang.Object, java.lang.Object, int)'> (0x00000000cc3f9120) 
thrown [t:\workspace\open\src\hotspot\share\interpreter\linkResolver.cpp, line 766]
Event: 1.770 Thread 0x0000026a4b564e00 Exception <a 'java/lang/NoSuchMethodError'{0x00000000cc3fd238}: 'java.lang.Object java.lang.invoke.Invokers$Holder.linkToTargetMethod(java.lang.Object, java.lang.Object, int, java.lang.Object)'> (0x00000000cc3fd238) 
thrown [t:\workspace\open\src\hotspot\share\interpreter\linkResolver.cpp, line 766]
Event: 1.971 Thread 0x0000026a4b564e00 Exception <a 'java/lang/NoSuchMethodError'{0x00000000cb63b550}: 'int java.lang.invoke.DirectMethodHandle$Holder.invokeSpecialIFC(java.lang.Object, java.lang.Object, java.lang.Object, java.lang.Object)'> (0x00000000cb63b550) 
thrown [t:\workspace\open\src\hotspot\share\interpreter\linkResolver.cpp, line 766]
Event: 1.973 Thread 0x0000026a4b564e00 Exception <a 'java/lang/NoSuchMethodError'{0x00000000cb64a528}: 'java.lang.Object java.lang.invoke.DirectMethodHandle$Holder.invokeInterface(java.lang.Object, java.lang.Object, java.lang.Object)'> (0x00000000cb64a528) 
thrown [t:\workspace\open\src\hotspot\share\interpreter\linkResolver.cpp, line 766]
Event: 1.973 Thread 0x0000026a4b564e00 Exception <a 'java/lang/IncompatibleClassChangeError'{0x00000000cb64e140}: Found class java.lang.Object, but interface was expected> (0x00000000cb64e140) 
thrown [t:\workspace\open\src\hotspot\share\interpreter\linkResolver.cpp, line 833]
Event: 1.992 Thread 0x0000026a4b564e00 Exception <a 'java/lang/NoSuchMethodError'{0x00000000cb543770}: 'int java.lang.invoke.DirectMethodHandle$Holder.invokeStatic(java.lang.Object, java.lang.Object, java.lang.Object, java.lang.Object)'> (0x00000000cb543770) 
thrown [t:\workspace\open\src\hotspot\share\interpreter\linkResolver.cpp, line 766]
Event: 1.992 Thread 0x0000026a4b564e00 Exception <a 'java/lang/NoSuchMethodError'{0x00000000cb547398}: 'java.lang.Object java.lang.invoke.Invokers$Holder.invokeExact_MT(java.lang.Object, java.lang.Object, java.lang.Object, java.lang.Object, java.lang.Object, java.lang.Object)'> (0x00000000cb547398) 
thrown [t:\workspace\open\src\hotspot\share\interpreter\linkResolver.cpp, line 766]
Event: 2.030 Thread 0x0000026a4b564e00 Exception <a 'java/lang/NoSuchMethodError'{0x00000000cb137940}: 'java.lang.Object java.lang.invoke.DirectMethodHandle$Holder.invokeSpecial(java.lang.Object, java.lang.Object, java.lang.Object, java.lang.Object, java.lang.Object, java.lang.Object, java.lang.Object, java.lang.Object, java.lang.Object)'> (0x00000000cb137940) 
thrown [t:\workspace\open\src\hotspot\share\interpreter\linkResolver.cpp, line 766]
Event: 2.112 Thread 0x0000026a4b564e00 Exception <a 'java/lang/NoSuchMethodError'{0x00000000cacdaae8}: 'java.lang.Object java.lang.invoke.DirectMethodHandle$Holder.invokeVirtual(java.lang.Object, java.lang.Object, java.lang.Object, java.lang.Object)'> (0x00000000cacdaae8) 
thrown [t:\workspace\open\src\hotspot\share\interpreter\linkResolver.cpp, line 766]

VM Operations (20 events):
Event: 1.083 Executing VM operation: HandshakeAllThreads
Event: 1.083 Executing VM operation: HandshakeAllThreads done
Event: 1.158 Executing VM operation: HandshakeAllThreads
Event: 1.158 Executing VM operation: HandshakeAllThreads done
Event: 1.223 Executing VM operation: HandshakeAllThreads
Event: 1.223 Executing VM operation: HandshakeAllThreads done
Event: 1.367 Executing VM operation: HandshakeAllThreads
Event: 1.367 Executing VM operation: HandshakeAllThreads done
Event: 1.435 Executing VM operation: HandshakeAllThreads
Event: 1.435 Executing VM operation: HandshakeAllThreads done
Event: 1.630 Executing VM operation: ICBufferFull
Event: 1.630 Executing VM operation: ICBufferFull done
Event: 1.842 Executing VM operation: HandshakeAllThreads
Event: 1.842 Executing VM operation: HandshakeAllThreads done
Event: 1.842 Executing VM operation: HandshakeAllThreads
Event: 1.842 Executing VM operation: HandshakeAllThreads done
Event: 1.865 Executing VM operation: HandshakeAllThreads
Event: 1.865 Executing VM operation: HandshakeAllThreads done
Event: 1.866 Executing VM operation: HandshakeAllThreads
Event: 1.866 Executing VM operation: HandshakeAllThreads done

Events (20 events):
Event: 1.985 loading class java/io/ObjectInputStream
Event: 1.985 loading class java/io/ObjectInput
Event: 1.985 loading class java/io/ObjectInput done
Event: 1.986 loading class java/io/ObjectInputStream done
Event: 2.049 loading class java/lang/management/MemoryType
Event: 2.049 loading class java/lang/management/MemoryType done
Event: 2.050 loading class java/lang/management/MemoryUsage
Event: 2.050 loading class java/lang/management/MemoryUsage done
Event: 2.050 loading class java/util/concurrent/LinkedBlockingDeque$Node
Event: 2.050 loading class java/util/concurrent/LinkedBlockingDeque$Node done
Event: 2.067 loading class javax/xml/parsers/ParserConfigurationException
Event: 2.080 loading class javax/xml/parsers/ParserConfigurationException done
Event: 2.080 loading class org/xml/sax/SAXException
Event: 2.081 loading class org/xml/sax/SAXException done
Event: 2.081 loading class javax/xml/xpath/XPathExpressionException
Event: 2.081 loading class javax/xml/xpath/XPathException
Event: 2.089 loading class javax/xml/xpath/XPathException done
Event: 2.089 loading class javax/xml/xpath/XPathExpressionException done
Event: 2.089 loading class org/xml/sax/ErrorHandler
Event: 2.096 loading class org/xml/sax/ErrorHandler done


Dynamic libraries:
0x00007ff7b9110000 - 0x00007ff7b9120000 	F:\java\bin\java.exe
0x00007ffe0a510000 - 0x00007ffe0a724000 	C:\WINDOWS\SYSTEM32\ntdll.dll
0x00007ffe08f10000 - 0x00007ffe08fd2000 	C:\WINDOWS\System32\KERNEL32.DLL
0x00007ffe07c80000 - 0x00007ffe08023000 	C:\WINDOWS\System32\KERNELBASE.dll
0x00007ffe081d0000 - 0x00007ffe082e1000 	C:\WINDOWS\System32\ucrtbase.dll
0x00007ffdfcd70000 - 0x00007ffdfcd8a000 	F:\java\bin\VCRUNTIME140.dll
0x00007ffdfc6f0000 - 0x00007ffdfc708000 	F:\java\bin\jli.dll
0x00007ffe09b60000 - 0x00007ffe09c0e000 	C:\WINDOWS\System32\ADVAPI32.dll
0x00007ffe09c10000 - 0x00007ffe09cb7000 	C:\WINDOWS\System32\msvcrt.dll
0x00007ffe09790000 - 0x00007ffe09834000 	C:\WINDOWS\System32\sechost.dll
0x00007ffe08fe0000 - 0x00007ffe090f7000 	C:\WINDOWS\System32\RPCRT4.dll
0x00007ffe08d60000 - 0x00007ffe08f0b000 	C:\WINDOWS\System32\USER32.dll
0x00007ffdeb540000 - 0x00007ffdeb7ce000 	C:\WINDOWS\WinSxS\amd64_microsoft.windows.common-controls_6595b64144ccf1df_6.0.22621.1635_none_270f70857386168e\COMCTL32.dll
0x00007ffe08030000 - 0x00007ffe08056000 	C:\WINDOWS\System32\win32u.dll
0x00007ffe09170000 - 0x00007ffe09199000 	C:\WINDOWS\System32\GDI32.dll
0x00007ffe07b60000 - 0x00007ffe07c79000 	C:\WINDOWS\System32\gdi32full.dll
0x00007ffe07a50000 - 0x00007ffe07aea000 	C:\WINDOWS\System32\msvcp_win.dll
0x00007ffe00170000 - 0x00007ffe0017a000 	C:\WINDOWS\SYSTEM32\VERSION.dll
0x00007ffe09a00000 - 0x00007ffe09a31000 	C:\WINDOWS\System32\IMM32.DLL
0x00007ffe00280000 - 0x00007ffe0028c000 	F:\java\bin\vcruntime140_1.dll
0x00007ffdf8e10000 - 0x00007ffdf8e9d000 	F:\java\bin\msvcp140.dll
0x00007ffd6cbe0000 - 0x00007ffd6d79e000 	F:\java\bin\server\jvm.dll
0x00007ffe0a4c0000 - 0x00007ffe0a4c8000 	C:\WINDOWS\System32\PSAPI.DLL
0x00007ffdf0d40000 - 0x00007ffdf0d49000 	C:\WINDOWS\SYSTEM32\WSOCK32.dll
0x00007ffe00130000 - 0x00007ffe00164000 	C:\WINDOWS\SYSTEM32\WINMM.dll
0x00007ffe08b80000 - 0x00007ffe08bf1000 	C:\WINDOWS\System32\WS2_32.dll
0x00007ffe06a50000 - 0x00007ffe06a68000 	C:\WINDOWS\SYSTEM32\kernel.appcore.dll
0x00007ffdfca10000 - 0x00007ffdfca1a000 	F:\java\bin\jimage.dll
0x00007ffdfdcb0000 - 0x00007ffdfdede000 	C:\WINDOWS\SYSTEM32\DBGHELP.DLL
0x00007ffe08580000 - 0x00007ffe08909000 	C:\WINDOWS\System32\combase.dll
0x00007ffe08c10000 - 0x00007ffe08ce7000 	C:\WINDOWS\System32\OLEAUT32.dll
0x00007ffdfdc70000 - 0x00007ffdfdca2000 	C:\WINDOWS\SYSTEM32\dbgcore.DLL
0x00007ffe079d0000 - 0x00007ffe07a4b000 	C:\WINDOWS\System32\bcryptPrimitives.dll
0x00007ffde0ce0000 - 0x00007ffde0cee000 	F:\java\bin\instrument.dll
0x00007ffdf8f80000 - 0x00007ffdf8fa5000 	F:\java\bin\java.dll
0x00007ffdf8d30000 - 0x00007ffdf8e06000 	F:\java\bin\svml.dll
0x00007ffe09cc0000 - 0x00007ffe0a4ba000 	C:\WINDOWS\System32\SHELL32.dll
0x00007ffe05920000 - 0x00007ffe061ee000 	C:\WINDOWS\SYSTEM32\windows.storage.dll
0x00007ffe057e0000 - 0x00007ffe0591e000 	C:\WINDOWS\SYSTEM32\wintypes.dll
0x00007ffe09690000 - 0x00007ffe09781000 	C:\WINDOWS\System32\SHCORE.dll
0x00007ffe08cf0000 - 0x00007ffe08d4e000 	C:\WINDOWS\System32\shlwapi.dll
0x00007ffe07840000 - 0x00007ffe07861000 	C:\WINDOWS\SYSTEM32\profapi.dll
0x00007ffdf8d10000 - 0x00007ffdf8d28000 	F:\java\bin\zip.dll
0x00007ffdfb890000 - 0x00007ffdfb8a9000 	F:\java\bin\net.dll
0x00007ffdffff0000 - 0x00007ffe00127000 	C:\WINDOWS\SYSTEM32\WINHTTP.dll
0x00007ffe06ec0000 - 0x00007ffe06f29000 	C:\WINDOWS\system32\mswsock.dll
0x00007ffdf8f60000 - 0x00007ffdf8f75000 	F:\java\bin\nio.dll
0x00007ffdfc6e0000 - 0x00007ffdfc6f0000 	F:\java\bin\verify.dll
0x00007ffe00290000 - 0x00007ffe002b7000 	C:\Users\rudy\.gradle\native\68d5fa5c4cc2d200863cafc0d521ce42e7d3e7ee720ec0a83991735586a16f82\windows-amd64\native-platform.dll
0x00007ffdc6510000 - 0x00007ffdc6654000 	C:\Users\rudy\.gradle\native\e376f236ea51e6404a007f0833ffe2c6e607c4080706a723a18a27aeea778392\windows-amd64\native-platform-file-events.dll
0x00007ffdfc050000 - 0x00007ffdfc059000 	F:\java\bin\management.dll
0x00007ffdf8d00000 - 0x00007ffdf8d0b000 	F:\java\bin\management_ext.dll
0x00007ffe07120000 - 0x00007ffe0713b000 	C:\WINDOWS\SYSTEM32\CRYPTSP.dll
0x00007ffe069c0000 - 0x00007ffe069f5000 	C:\WINDOWS\system32\rsaenh.dll
0x00007ffe06fc0000 - 0x00007ffe06fe8000 	C:\WINDOWS\SYSTEM32\USERENV.dll
0x00007ffe072c0000 - 0x00007ffe072e8000 	C:\WINDOWS\SYSTEM32\bcrypt.dll
0x00007ffe07140000 - 0x00007ffe0714c000 	C:\WINDOWS\SYSTEM32\CRYPTBASE.dll
0x00007ffe064c0000 - 0x00007ffe064ed000 	C:\WINDOWS\SYSTEM32\IPHLPAPI.DLL
0x00007ffe09100000 - 0x00007ffe09109000 	C:\WINDOWS\System32\NSI.dll
0x00007ffe00180000 - 0x00007ffe00199000 	C:\WINDOWS\SYSTEM32\dhcpcsvc6.DLL
0x00007ffdffc70000 - 0x00007ffdffc8f000 	C:\WINDOWS\SYSTEM32\dhcpcsvc.DLL
0x00007ffe06530000 - 0x00007ffe06623000 	C:\WINDOWS\SYSTEM32\DNSAPI.dll
0x00007ffdf8cf0000 - 0x00007ffdf8cfe000 	F:\java\bin\sunmscapi.dll
0x00007ffe08060000 - 0x00007ffe081c7000 	C:\WINDOWS\System32\CRYPT32.dll
0x00007ffe07290000 - 0x00007ffe072be000 	C:\WINDOWS\SYSTEM32\ncrypt.dll
0x00007ffe07250000 - 0x00007ffe07287000 	C:\WINDOWS\SYSTEM32\NTASN1.dll
0x00007ffddcfa0000 - 0x00007ffddcfa8000 	C:\WINDOWS\system32\wshunix.dll

dbghelp: loaded successfully - version: 4.0.5 - missing functions: none
symbol engine: initialized successfully - sym options: 0x614 - pdb path: .;F:\java\bin;C:\WINDOWS\SYSTEM32;C:\WINDOWS\WinSxS\amd64_microsoft.windows.common-controls_6595b64144ccf1df_6.0.22621.1635_none_270f70857386168e;F:\java\bin\server;C:\Users\rudy\.gradle\native\68d5fa5c4cc2d200863cafc0d521ce42e7d3e7ee720ec0a83991735586a16f82\windows-amd64;C:\Users\rudy\.gradle\native\e376f236ea51e6404a007f0833ffe2c6e607c4080706a723a18a27aeea778392\windows-amd64

VM Arguments:
jvm_args: --add-opens=java.base/java.util=ALL-UNNAMED --add-opens=java.base/java.lang=ALL-UNNAMED --add-opens=java.base/java.lang.invoke=ALL-UNNAMED --add-opens=java.prefs/java.util.prefs=ALL-UNNAMED --add-opens=java.base/java.nio.charset=ALL-UNNAMED --add-opens=java.base/java.net=ALL-UNNAMED --add-opens=java.base/java.util.concurrent.atomic=ALL-UNNAMED -Xmx1G -Dfile.encoding=windows-1252 -Duser.country=US -Duser.language=en -Duser.variant -javaagent:C:\Users\rudy\.gradle\wrapper\dists\gradle-8.1.1-bin\9wiye5v2saajue4irfo8ybqfp\gradle-8.1.1\lib\agents\gradle-instrumentation-agent-8.1.1.jar 
java_command: org.gradle.launcher.daemon.bootstrap.GradleDaemon 8.1.1
java_class_path (initial): C:\Users\rudy\.gradle\wrapper\dists\gradle-8.1.1-bin\9wiye5v2saajue4irfo8ybqfp\gradle-8.1.1\lib\gradle-launcher-8.1.1.jar
Launcher Type: SUN_STANDARD

[Global flags]
     intx CICompilerCount                          = 12                                        {product} {ergonomic}
     uint ConcGCThreads                            = 3                                         {product} {ergonomic}
     uint G1ConcRefinementThreads                  = 13                                        {product} {ergonomic}
   size_t G1HeapRegionSize                         = 1048576                                   {product} {ergonomic}
    uintx GCDrainStackTargetSize                   = 64                                        {product} {ergonomic}
   size_t InitialHeapSize                          = 268435456                                 {product} {ergonomic}
   size_t MarkStackSize                            = 4194304                                   {product} {ergonomic}
   size_t MaxHeapSize                              = 1073741824                                {product} {command line}
   size_t MaxNewSize                               = 643825664                                 {product} {ergonomic}
   size_t MinHeapDeltaBytes                        = 1048576                                   {product} {ergonomic}
   size_t MinHeapSize                              = 8388608                                   {product} {ergonomic}
    uintx NonNMethodCodeHeapSize                   = 7602480                                {pd product} {ergonomic}
    uintx NonProfiledCodeHeapSize                  = 122027880                              {pd product} {ergonomic}
    uintx ProfiledCodeHeapSize                     = 122027880                              {pd product} {ergonomic}
    uintx ReservedCodeCacheSize                    = 251658240                              {pd product} {ergonomic}
     bool SegmentedCodeCache                       = true                                      {product} {ergonomic}
   size_t SoftMaxHeapSize                          = 1073741824                             {manageable} {ergonomic}
     bool UseCompressedClassPointers               = true                           {product lp64_product} {ergonomic}
     bool UseCompressedOops                        = true                           {product lp64_product} {ergonomic}
     bool UseG1GC                                  = true                                      {product} {ergonomic}
     bool UseLargePagesIndividualAllocation        = false                                  {pd product} {ergonomic}

Logging:
Log output configuration:
 #0: stdout all=warning uptime,level,tags
 #1: stderr all=off uptime,level,tags

Environment Variables:
JAVA_HOME=F:\java
CLASSPATH=F:\Dev\fabric\MadMan\\gradle\wrapper\gradle-wrapper.jar
PATH=C:\Users\rudy\AppData\Local\Programs\Python\Python310\Scripts\;C:\Users\rudy\AppData\Local\Programs\Python\Python310\;C:\Program Files\Eclipse Adoptium\jdk-17.0.5.8-hotspot\bin;C:\Program Files (x86)\Common Files\Oracle\Java\javapath;C:\Program Files\Oculus\Support\oculus-runtime;C:\devkitPro\msys2\usr\bin;C:\Program Files (x86)\Common Files\Intel\Shared Libraries\redist\intel64\compiler;C:\Program Files\Eclipse Foundation\jdk-16.0.2.7-hotspot\bin;C:\Windows\system32;C:\Windows;C:\Windows\System32\Wbem;C:\Windows\System32\WindowsPowerShell\v1.0\;C:\Windows\System32\OpenSSH\;C:\Program Files\Microsoft SQL Server\150\Tools\Binn\;C:\Program Files\Microsoft SQL Server\Client SDK\ODBC\170\Tools\Binn\;C:\Program Files\dotnet\;C:\Program Files (x86)\spwn\;C:\Program Files\TortoiseGit\bin;C:\Program Files\PuTTY\;F:\chromedriver.exe;C:\Program Files\NVIDIA Corporation\NVIDIA NvDLISR;C:\ProgramData\chocolatey\bin;C:\Windows\Microsoft.NET\Framework\v4.0.30319;C:\Program Files\FFmpeg\bin;C:\Program Files (x86)\NVIDIA Corporation\PhysX\Common;C:\Users\rudy\AppData\Roaming\nvm;C:\Program Files\nodejs;C:\tools\Manim\Scripts;F:\SDL\bin;C:\WINDOWS\system32;C:\WINDOWS;C:\WINDOWS\System32\Wbem;C:\WINDOWS\System32\WindowsPowerShell\v1.0\;C:\WINDOWS\System32\OpenSSH\;F:\SDL2\lib\x64;C:\Program Files\Go\bin;C:\Program Files\CMake\bin;C:\Program Files\Git\cmd;C:\Program Files\PowerShell\7\;C:\Program Files (x86)\Arm GNU Toolchain arm-none-eabi\12.2 mpacbti-rel1\arm-none-eabi\bin\;C:\MinGW\bin;C:\Users\rudy\AppData\Local\.meteor;C:\Users\rudy\anaconda3;C:\Users\rudy\AppData\Local\.meteor/;C:\Users\rudy\AppData\Roaming\nvm\v14.21.3\node_modules\npm\node_modules\npm-lifecycle\node-gyp-bin;C:\Program Files\nodejs\node_modules\meteor\node_modules\.bin;C:\Program Files\nodejs\node_modules\.bin;C:\Program Files\PowerShell\7;C:\Users\rudy\AppData\Local\Programs\Python\Python310\Scripts\;C:\Users\rudy\AppData\Local\Programs\Python\Python310\;C:\Program Files\Eclipse Adoptium\jdk-17.0.5.8-hotspot
USERNAME=rudy
OS=Windows_NT
PROCESSOR_IDENTIFIER=AMD64 Family 23 Model 113 Stepping 0, AuthenticAMD



---------------  S Y S T E M  ---------------

OS:
 Windows 10 , 64 bit Build 22621 (10.0.22621.1778)
OS uptime: 2 days 14:28 hours

CPU: total 16 (initial active 16) (16 cores per cpu, 2 threads per core) family 23 model 113 stepping 0 microcode 0x0, cx8, cmov, fxsr, ht, mmx, 3dnowpref, sse, sse2, sse3, ssse3, sse4a, sse4.1, sse4.2, popcnt, lzcnt, tsc, tscinvbit, avx, avx2, aes, clmul, bmi1, bmi2, adx, sha, fma, vzeroupper, clflush, clflushopt

Memory: 4k page, system-wide physical 16312M (384M free)
TotalPageFile size 37474M (AvailPageFile size 6M)
current process WorkingSet (physical memory assigned to process): 214M, peak: 215M
current process commit charge ("private bytes"): 438M, peak: 441M

vm_info: Java HotSpot(TM) 64-Bit Server VM (17.0.1+12-LTS-39) for windows-amd64 JRE (17.0.1+12-LTS-39), built on Sep 27 2021 18:41:35 by "mach5one" with MS VC++ 16.8 (VS2019)

END.
